Using pre-set license
Built from '2020.3/staging' branch; Version is '2020.3.5f1 (8095aa901b9b) revision 8426922'; Using compiler version '192528614'; Build Type 'Release'
OS: 'Windows 10 Pro; OS build 19043.1526; Version 2009; 64bit' Language: 'es' Physical Memory: 8169 MB
BatchMode: 1, IsHumanControllingUs: 0, StartBugReporterOnCrash: 0, Is64bit: 1, IsPro: 0

 COMMAND LINE ARGUMENTS:
C:\Program Files\Unity\Hub\Editor\2020.3.5f1\Editor\Unity.exe
-adb2
-batchMode
-noUpm
-name
AssetImportWorker3
-projectPath
C:/Users/letem/Documents/Cursos Unity/55/Shooter_
-logFile
Logs/AssetImportWorker3.log
-srvPort
58655
Successfully changed project path to: C:/Users/letem/Documents/Cursos Unity/55/Shooter_
C:/Users/letem/Documents/Cursos Unity/55/Shooter_
Using Asset Import Pipeline V2.
Refreshing native plugins compatible for Editor in 164.40 ms, found 0 plugins.
Preloading 0 native plugins for Editor in 0.00 ms.
Initialize engine version: 2020.3.5f1 (8095aa901b9b)
[Subsystems] Discovering subsystems at path C:/Program Files/Unity/Hub/Editor/2020.3.5f1/Editor/Data/Resources/UnitySubsystems
[Subsystems] Discovering subsystems at path C:/Users/letem/Documents/Cursos Unity/55/Shooter_/Assets
GfxDevice: creating device client; threaded=0
Direct3D:
    Version:  Direct3D 11.0 [level 11.1]
    Renderer: NVIDIA GeForce GTX 1050 Ti (ID=0x1c82)
    Vendor:   
    VRAM:     4018 MB
    Driver:   30.0.15.1165
Initialize mono
Mono path[0] = 'C:/Program Files/Unity/Hub/Editor/2020.3.5f1/Editor/Data/Managed'
Mono path[1] = 'C:/Program Files/Unity/Hub/Editor/2020.3.5f1/Editor/Data/MonoBleedingEdge/lib/mono/unityjit'
Mono config path = 'C:/Program Files/Unity/Hub/Editor/2020.3.5f1/Editor/Data/MonoBleedingEdge/etc'
Using monoOptions --debugger-agent=transport=dt_socket,embedding=1,server=y,suspend=n,address=127.0.0.1:56940
Begin MonoManager ReloadAssembly
Registering precompiled unity dll's ...
Register platform support module: C:/Program Files/Unity/Hub/Editor/2020.3.5f1/Editor/Data/PlaybackEngines/WebGLSupport/UnityEditor.WebGL.Extensions.dll
Register platform support module: C:/Program Files/Unity/Hub/Editor/2020.3.5f1/Editor/Data/PlaybackEngines/WindowsStandaloneSupport/UnityEditor.WindowsStandalone.Extensions.dll
Registered in 0.011346 seconds.
Native extension for WindowsStandalone target not found
Native extension for WebGL target not found
Refreshing native plugins compatible for Editor in 175.85 ms, found 0 plugins.
Preloading 0 native plugins for Editor in 0.00 ms.
Mono: successfully reloaded assembly
- Completed reload, in  6.975 seconds
Platform modules already initialized, skipping
Registering precompiled user dll's ...
Registered in 0.008653 seconds.
Begin MonoManager ReloadAssembly
Native extension for WindowsStandalone target not found
Native extension for WebGL target not found
Refreshing native plugins compatible for Editor in 172.31 ms, found 0 plugins.
Preloading 0 native plugins for Editor in 0.00 ms.
Mono: successfully reloaded assembly
- Completed reload, in  3.576 seconds
Platform modules already initialized, skipping
========================================================================
Worker process is ready to serve import requests
Shader 'Universal Render Pipeline/Particles/Lit': fallback shader 'Universal Render Pipeline/Particles/SimpleLit' not found
Shader 'Universal Render Pipeline/Particles/Lit': fallback shader 'Universal Render Pipeline/Particles/SimpleLit' not found
Launched and connected shader compiler UnityShaderCompiler.exe after 0.39 seconds
Refreshing native plugins compatible for Editor in 1.35 ms, found 0 plugins.
Preloading 0 native plugins for Editor in 0.00 ms.
Unloading 3591 Unused Serialized files (Serialized files now loaded: 0)
System memory in use before: 173.9 MB.
System memory in use after: 172.5 MB.

Unloading 151 unused Assets to reduce memory usage. Loaded Objects now: 4021.
Total: 8.683900 ms (FindLiveObjects: 0.376400 ms CreateObjectMapping: 0.426400 ms MarkObjects: 6.307100 ms  DeleteObjects: 1.571600 ms)

========================================================================
Received Import Request.
  path: Assets/Scenes/Level_1.unity
  artifactKey: Guid(7b0f7f962d053614cacef25aaf223eee) Importer(815301076,1909f56bfc062723c751e8b465ee728b)
Start importing Assets/Scenes/Level_1.unity using Guid(7b0f7f962d053614cacef25aaf223eee) Importer(815301076,1909f56bfc062723c751e8b465ee728b)  -> (artifact id: 'ba93a899872ffeda6040fc406406d37c') in 0.059832 seconds
  Import took 0.169607 seconds .

========================================================================
Received Prepare
Shader 'Universal Render Pipeline/Particles/Lit': fallback shader 'Universal Render Pipeline/Particles/SimpleLit' not found
Shader 'Universal Render Pipeline/Particles/Lit': fallback shader 'Universal Render Pipeline/Particles/SimpleLit' not found
Refreshing native plugins compatible for Editor in 4.02 ms, found 0 plugins.
Preloading 0 native plugins for Editor in 0.00 ms.
Unloading 26 Unused Serialized files (Serialized files now loaded: 0)
System memory in use before: 96.5 MB.
System memory in use after: 95.1 MB.

Unloading 26 unused Assets to reduce memory usage. Loaded Objects now: 4021.
Total: 10.306900 ms (FindLiveObjects: 0.818800 ms CreateObjectMapping: 0.658300 ms MarkObjects: 6.514900 ms  DeleteObjects: 2.312400 ms)

========================================================================
Received Import Request.
  Time since last request: 231.728380 seconds.
  path: Assets/Prefabs/Bala.prefab
  artifactKey: Guid(09b7ab327eb276845a9795aef40c30bc) Importer(815301076,1909f56bfc062723c751e8b465ee728b)
Start importing Assets/Prefabs/Bala.prefab using Guid(09b7ab327eb276845a9795aef40c30bc) Importer(815301076,1909f56bfc062723c751e8b465ee728b)  -> (artifact id: 'd5b604ec700f74a25e16ba08579bf28f') in 1.274354 seconds
  Import took 1.357731 seconds .

========================================================================
Received Prepare
Registering precompiled user dll's ...
Registered in 0.005568 seconds.
Begin MonoManager ReloadAssembly
Native extension for WindowsStandalone target not found
Native extension for WebGL target not found
Refreshing native plugins compatible for Editor in 1.32 ms, found 0 plugins.
Preloading 0 native plugins for Editor in 0.00 ms.
Warning: Annotation not found!
UnityEngine.StackTraceUtility:ExtractStackTrace ()
UnityEditor.ProBuilder.EditorUtility:SetGizmoIconEnabled (System.Type,bool) (at C:/Users/letem/Documents/Cursos Unity/Cursos_Unity_2021/Shooter_/Library/PackageCache/com.unity.probuilder@5.0.3/Editor/EditorCore/EditorUtility.cs:575)
UnityEditor.ProBuilder.HierarchyListener:.cctor () (at C:/Users/letem/Documents/Cursos Unity/Cursos_Unity_2021/Shooter_/Library/PackageCache/com.unity.probuilder@5.0.3/Editor/EditorCore/HierarchyListener.cs:21)
System.Runtime.CompilerServices.RuntimeHelpers:RunClassConstructor (System.RuntimeTypeHandle)
UnityEditor.EditorAssemblies:ProcessInitializeOnLoadAttributes (System.Type[])

[C:/Users/letem/Documents/Cursos Unity/Cursos_Unity_2021/Shooter_/Library/PackageCache/com.unity.probuilder@5.0.3/Editor/EditorCore/EditorUtility.cs line 575]

Mono: successfully reloaded assembly
- Completed reload, in  1.873 seconds
Platform modules already initialized, skipping
Shader 'Universal Render Pipeline/Particles/Lit': fallback shader 'Universal Render Pipeline/Particles/SimpleLit' not found
Shader 'Universal Render Pipeline/Particles/Lit': fallback shader 'Universal Render Pipeline/Particles/SimpleLit' not found
Refreshing native plugins compatible for Editor in 0.87 ms, found 0 plugins.
Preloading 0 native plugins for Editor in 0.00 ms.
Unloading 3451 Unused Serialized files (Serialized files now loaded: 0)
System memory in use before: 169.0 MB.
System memory in use after: 167.6 MB.

Unloading 32 unused Assets to reduce memory usage. Loaded Objects now: 4070.
Total: 5.058400 ms (FindLiveObjects: 0.360900 ms CreateObjectMapping: 0.164700 ms MarkObjects: 3.376800 ms  DeleteObjects: 1.154200 ms)

========================================================================
Received Prepare
Registering precompiled user dll's ...
Registered in 0.005223 seconds.
Begin MonoManager ReloadAssembly
Native extension for WindowsStandalone target not found
Native extension for WebGL target not found
Refreshing native plugins compatible for Editor in 0.88 ms, found 0 plugins.
Preloading 0 native plugins for Editor in 0.00 ms.
Warning: Annotation not found!
UnityEngine.StackTraceUtility:ExtractStackTrace ()
UnityEditor.ProBuilder.EditorUtility:SetGizmoIconEnabled (System.Type,bool) (at C:/Users/letem/Documents/Cursos Unity/Cursos_Unity_2021/Shooter_/Library/PackageCache/com.unity.probuilder@5.0.3/Editor/EditorCore/EditorUtility.cs:575)
UnityEditor.ProBuilder.HierarchyListener:.cctor () (at C:/Users/letem/Documents/Cursos Unity/Cursos_Unity_2021/Shooter_/Library/PackageCache/com.unity.probuilder@5.0.3/Editor/EditorCore/HierarchyListener.cs:21)
System.Runtime.CompilerServices.RuntimeHelpers:RunClassConstructor (System.RuntimeTypeHandle)
UnityEditor.EditorAssemblies:ProcessInitializeOnLoadAttributes (System.Type[])

[C:/Users/letem/Documents/Cursos Unity/Cursos_Unity_2021/Shooter_/Library/PackageCache/com.unity.probuilder@5.0.3/Editor/EditorCore/EditorUtility.cs line 575]

Mono: successfully reloaded assembly
- Completed reload, in  1.873 seconds
Platform modules already initialized, skipping
Shader 'Universal Render Pipeline/Particles/Lit': fallback shader 'Universal Render Pipeline/Particles/SimpleLit' not found
Shader 'Universal Render Pipeline/Particles/Lit': fallback shader 'Universal Render Pipeline/Particles/SimpleLit' not found
Refreshing native plugins compatible for Editor in 0.89 ms, found 0 plugins.
Preloading 0 native plugins for Editor in 0.00 ms.
Unloading 3451 Unused Serialized files (Serialized files now loaded: 0)
System memory in use before: 169.0 MB.
System memory in use after: 167.7 MB.

Unloading 32 unused Assets to reduce memory usage. Loaded Objects now: 4073.
Total: 5.629100 ms (FindLiveObjects: 0.379900 ms CreateObjectMapping: 0.174800 ms MarkObjects: 3.851700 ms  DeleteObjects: 1.219900 ms)

========================================================================
Received Import Request.
  Time since last request: 457.604239 seconds.
  path: Assets/Scenes/WinScene.unity
  artifactKey: Guid(add073dbc13d10f499294432744041c2) Importer(815301076,1909f56bfc062723c751e8b465ee728b)
Start importing Assets/Scenes/WinScene.unity using Guid(add073dbc13d10f499294432744041c2) Importer(815301076,1909f56bfc062723c751e8b465ee728b)  -> (artifact id: '9a11cbcb85c7fffa7998d0be90335bfe') in 0.028400 seconds
  Import took 0.037292 seconds .

========================================================================
Received Import Request.
  Time since last request: 0.009458 seconds.
  path: Assets/Scenes/WinScene.unity
  artifactKey: Guid(add073dbc13d10f499294432744041c2) Importer(815301076,1909f56bfc062723c751e8b465ee728b)
Start importing Assets/Scenes/WinScene.unity using Guid(add073dbc13d10f499294432744041c2) Importer(815301076,1909f56bfc062723c751e8b465ee728b)  -> (artifact id: '9a11cbcb85c7fffa7998d0be90335bfe') in 0.005164 seconds
  Import took 0.012761 seconds .

========================================================================
Received Import Request.
  Time since last request: 459.511586 seconds.
  path: Assets/Scenes/LoseScene.unity
  artifactKey: Guid(a36d76b1989f835459d739610f9382b7) Importer(815301076,1909f56bfc062723c751e8b465ee728b)
Start importing Assets/Scenes/LoseScene.unity using Guid(a36d76b1989f835459d739610f9382b7) Importer(815301076,1909f56bfc062723c751e8b465ee728b)  -> (artifact id: '1ae010dbdfb1ddb1649fabd4c094d732') in 0.006727 seconds
  Import took 0.015678 seconds .

========================================================================
Received Import Request.
  Time since last request: 50.580713 seconds.
  path: Assets/Scenes/Level_1.unity
  artifactKey: Guid(7b0f7f962d053614cacef25aaf223eee) Importer(815301076,1909f56bfc062723c751e8b465ee728b)
Start importing Assets/Scenes/Level_1.unity using Guid(7b0f7f962d053614cacef25aaf223eee) Importer(815301076,1909f56bfc062723c751e8b465ee728b)  -> (artifact id: 'b31fd68d5d4c2e73c2f482cce6fe675d') in 0.009045 seconds
  Import took 0.016448 seconds .

========================================================================
Received Import Request.
  Time since last request: 126.355162 seconds.
  path: Assets/Scenes/WinScene.unity
  artifactKey: Guid(add073dbc13d10f499294432744041c2) Importer(815301076,1909f56bfc062723c751e8b465ee728b)
Start importing Assets/Scenes/WinScene.unity using Guid(add073dbc13d10f499294432744041c2) Importer(815301076,1909f56bfc062723c751e8b465ee728b)  -> (artifact id: '55379471e39a92531988f6a83900fd04') in 0.005633 seconds
  Import took 0.015069 seconds .

========================================================================
Received Import Request.
  Time since last request: 0.005117 seconds.
  path: Assets/Scenes/WinScene.unity
  artifactKey: Guid(add073dbc13d10f499294432744041c2) Importer(815301076,1909f56bfc062723c751e8b465ee728b)
Start importing Assets/Scenes/WinScene.unity using Guid(add073dbc13d10f499294432744041c2) Importer(815301076,1909f56bfc062723c751e8b465ee728b)  -> (artifact id: '55379471e39a92531988f6a83900fd04') in 0.005117 seconds
  Import took 0.012459 seconds .

========================================================================
Received Prepare
Registering precompiled user dll's ...
Registered in 0.005269 seconds.
Begin MonoManager ReloadAssembly
Native extension for WindowsStandalone target not found
Native extension for WebGL target not found
Refreshing native plugins compatible for Editor in 0.90 ms, found 0 plugins.
Preloading 0 native plugins for Editor in 0.00 ms.
Warning: Annotation not found!
UnityEngine.StackTraceUtility:ExtractStackTrace ()
UnityEditor.ProBuilder.EditorUtility:SetGizmoIconEnabled (System.Type,bool) (at C:/Users/letem/Documents/Cursos Unity/Cursos_Unity_2021/Shooter_/Library/PackageCache/com.unity.probuilder@5.0.3/Editor/EditorCore/EditorUtility.cs:575)
UnityEditor.ProBuilder.HierarchyListener:.cctor () (at C:/Users/letem/Documents/Cursos Unity/Cursos_Unity_2021/Shooter_/Library/PackageCache/com.unity.probuilder@5.0.3/Editor/EditorCore/HierarchyListener.cs:21)
System.Runtime.CompilerServices.RuntimeHelpers:RunClassConstructor (System.RuntimeTypeHandle)
UnityEditor.EditorAssemblies:ProcessInitializeOnLoadAttributes (System.Type[])

[C:/Users/letem/Documents/Cursos Unity/Cursos_Unity_2021/Shooter_/Library/PackageCache/com.unity.probuilder@5.0.3/Editor/EditorCore/EditorUtility.cs line 575]

Mono: successfully reloaded assembly
- Completed reload, in  1.774 seconds
Platform modules already initialized, skipping
Shader 'Universal Render Pipeline/Particles/Lit': fallback shader 'Universal Render Pipeline/Particles/SimpleLit' not found
Shader 'Universal Render Pipeline/Particles/Lit': fallback shader 'Universal Render Pipeline/Particles/SimpleLit' not found
Refreshing native plugins compatible for Editor in 0.88 ms, found 0 plugins.
Preloading 0 native plugins for Editor in 0.00 ms.
Unloading 3451 Unused Serialized files (Serialized files now loaded: 0)
System memory in use before: 169.2 MB.
System memory in use after: 167.7 MB.

Unloading 32 unused Assets to reduce memory usage. Loaded Objects now: 4076.
Total: 5.489400 ms (FindLiveObjects: 0.374000 ms CreateObjectMapping: 0.173600 ms MarkObjects: 3.684400 ms  DeleteObjects: 1.255100 ms)

========================================================================
Received Import Request.
  Time since last request: 511.900512 seconds.
  path: Assets/Scenes/WinScene.unity
  artifactKey: Guid(add073dbc13d10f499294432744041c2) Importer(815301076,1909f56bfc062723c751e8b465ee728b)
Start importing Assets/Scenes/WinScene.unity using Guid(add073dbc13d10f499294432744041c2) Importer(815301076,1909f56bfc062723c751e8b465ee728b)  -> (artifact id: 'ce698db337757fab36c3a677a792cd88') in 0.015412 seconds
  Import took 0.024356 seconds .

========================================================================
Received Prepare
Registering precompiled user dll's ...
Registered in 0.005856 seconds.
Begin MonoManager ReloadAssembly
Native extension for WindowsStandalone target not found
Native extension for WebGL target not found
Refreshing native plugins compatible for Editor in 0.99 ms, found 0 plugins.
Preloading 0 native plugins for Editor in 0.00 ms.
Warning: Annotation not found!
UnityEngine.StackTraceUtility:ExtractStackTrace ()
UnityEditor.ProBuilder.EditorUtility:SetGizmoIconEnabled (System.Type,bool) (at C:/Users/letem/Documents/Cursos Unity/Cursos_Unity_2021/Shooter_/Library/PackageCache/com.unity.probuilder@5.0.3/Editor/EditorCore/EditorUtility.cs:575)
UnityEditor.ProBuilder.HierarchyListener:.cctor () (at C:/Users/letem/Documents/Cursos Unity/Cursos_Unity_2021/Shooter_/Library/PackageCache/com.unity.probuilder@5.0.3/Editor/EditorCore/HierarchyListener.cs:21)
System.Runtime.CompilerServices.RuntimeHelpers:RunClassConstructor (System.RuntimeTypeHandle)
UnityEditor.EditorAssemblies:ProcessInitializeOnLoadAttributes (System.Type[])

[C:/Users/letem/Documents/Cursos Unity/Cursos_Unity_2021/Shooter_/Library/PackageCache/com.unity.probuilder@5.0.3/Editor/EditorCore/EditorUtility.cs line 575]

Mono: successfully reloaded assembly
- Completed reload, in  2.066 seconds
Platform modules already initialized, skipping
Shader 'Universal Render Pipeline/Particles/Lit': fallback shader 'Universal Render Pipeline/Particles/SimpleLit' not found
Shader 'Universal Render Pipeline/Particles/Lit': fallback shader 'Universal Render Pipeline/Particles/SimpleLit' not found
Refreshing native plugins compatible for Editor in 1.21 ms, found 0 plugins.
Preloading 0 native plugins for Editor in 0.00 ms.
Unloading 3451 Unused Serialized files (Serialized files now loaded: 0)
System memory in use before: 169.2 MB.
System memory in use after: 167.7 MB.

Unloading 32 unused Assets to reduce memory usage. Loaded Objects now: 4079.
Total: 9.959700 ms (FindLiveObjects: 0.816500 ms CreateObjectMapping: 0.393500 ms MarkObjects: 6.314900 ms  DeleteObjects: 2.431800 ms)

========================================================================
Received Import Request.
  Time since last request: 125.122579 seconds.
  path: Assets/_Scripts/GameOver.cs
  artifactKey: Guid(84792e871487dfd4188d086f8d1d2f2f) Importer(815301076,1909f56bfc062723c751e8b465ee728b)
Start importing Assets/_Scripts/GameOver.cs using Guid(84792e871487dfd4188d086f8d1d2f2f) Importer(815301076,1909f56bfc062723c751e8b465ee728b)  -> (artifact id: '1335d7ca89d117e34811f991066e5883') in 0.068987 seconds
  Import took 0.089344 seconds .

========================================================================
Received Import Request.
  Time since last request: 119.528880 seconds.
  path: Assets/Scenes/LoseScene.unity
  artifactKey: Guid(a36d76b1989f835459d739610f9382b7) Importer(815301076,1909f56bfc062723c751e8b465ee728b)
Start importing Assets/Scenes/LoseScene.unity using Guid(a36d76b1989f835459d739610f9382b7) Importer(815301076,1909f56bfc062723c751e8b465ee728b)  -> (artifact id: '19e5f6b06ca286597bf23431e13ce980') in 0.006943 seconds
  Import took 0.015156 seconds .

========================================================================
Received Prepare
Registering precompiled user dll's ...
Registered in 0.005718 seconds.
Begin MonoManager ReloadAssembly
Native extension for WindowsStandalone target not found
Native extension for WebGL target not found
Refreshing native plugins compatible for Editor in 0.90 ms, found 0 plugins.
Preloading 0 native plugins for Editor in 0.00 ms.
Warning: Annotation not found!
UnityEngine.StackTraceUtility:ExtractStackTrace ()
UnityEditor.ProBuilder.EditorUtility:SetGizmoIconEnabled (System.Type,bool) (at C:/Users/letem/Documents/Cursos Unity/Cursos_Unity_2021/Shooter_/Library/PackageCache/com.unity.probuilder@5.0.3/Editor/EditorCore/EditorUtility.cs:575)
UnityEditor.ProBuilder.HierarchyListener:.cctor () (at C:/Users/letem/Documents/Cursos Unity/Cursos_Unity_2021/Shooter_/Library/PackageCache/com.unity.probuilder@5.0.3/Editor/EditorCore/HierarchyListener.cs:21)
System.Runtime.CompilerServices.RuntimeHelpers:RunClassConstructor (System.RuntimeTypeHandle)
UnityEditor.EditorAssemblies:ProcessInitializeOnLoadAttributes (System.Type[])

[C:/Users/letem/Documents/Cursos Unity/Cursos_Unity_2021/Shooter_/Library/PackageCache/com.unity.probuilder@5.0.3/Editor/EditorCore/EditorUtility.cs line 575]

Mono: successfully reloaded assembly
- Completed reload, in  3.203 seconds
Platform modules already initialized, skipping
Shader 'Universal Render Pipeline/Particles/Lit': fallback shader 'Universal Render Pipeline/Particles/SimpleLit' not found
Shader 'Universal Render Pipeline/Particles/Lit': fallback shader 'Universal Render Pipeline/Particles/SimpleLit' not found
Refreshing native plugins compatible for Editor in 1.02 ms, found 0 plugins.
Preloading 0 native plugins for Editor in 0.00 ms.
Unloading 3451 Unused Serialized files (Serialized files now loaded: 0)
System memory in use before: 169.2 MB.
System memory in use after: 167.8 MB.

Unloading 32 unused Assets to reduce memory usage. Loaded Objects now: 4082.
Total: 6.996100 ms (FindLiveObjects: 0.432600 ms CreateObjectMapping: 0.203400 ms MarkObjects: 4.499300 ms  DeleteObjects: 1.858400 ms)

========================================================================
Received Prepare
Registering precompiled user dll's ...
Registered in 0.006071 seconds.
Begin MonoManager ReloadAssembly
Native extension for WindowsStandalone target not found
Native extension for WebGL target not found
Refreshing native plugins compatible for Editor in 1.11 ms, found 0 plugins.
Preloading 0 native plugins for Editor in 0.00 ms.
Warning: Annotation not found!
UnityEngine.StackTraceUtility:ExtractStackTrace ()
UnityEditor.ProBuilder.EditorUtility:SetGizmoIconEnabled (System.Type,bool) (at C:/Users/letem/Documents/Cursos Unity/Cursos_Unity_2021/Shooter_/Library/PackageCache/com.unity.probuilder@5.0.3/Editor/EditorCore/EditorUtility.cs:575)
UnityEditor.ProBuilder.HierarchyListener:.cctor () (at C:/Users/letem/Documents/Cursos Unity/Cursos_Unity_2021/Shooter_/Library/PackageCache/com.unity.probuilder@5.0.3/Editor/EditorCore/HierarchyListener.cs:21)
System.Runtime.CompilerServices.RuntimeHelpers:RunClassConstructor (System.RuntimeTypeHandle)
UnityEditor.EditorAssemblies:ProcessInitializeOnLoadAttributes (System.Type[])

[C:/Users/letem/Documents/Cursos Unity/Cursos_Unity_2021/Shooter_/Library/PackageCache/com.unity.probuilder@5.0.3/Editor/EditorCore/EditorUtility.cs line 575]

Mono: successfully reloaded assembly
- Completed reload, in  2.045 seconds
Platform modules already initialized, skipping
Shader 'Universal Render Pipeline/Particles/Lit': fallback shader 'Universal Render Pipeline/Particles/SimpleLit' not found
Shader 'Universal Render Pipeline/Particles/Lit': fallback shader 'Universal Render Pipeline/Particles/SimpleLit' not found
Refreshing native plugins compatible for Editor in 0.98 ms, found 0 plugins.
Preloading 0 native plugins for Editor in 0.00 ms.
Unloading 3451 Unused Serialized files (Serialized files now loaded: 0)
System memory in use before: 169.2 MB.
System memory in use after: 167.8 MB.

Unloading 32 unused Assets to reduce memory usage. Loaded Objects now: 4085.
Total: 6.204300 ms (FindLiveObjects: 0.433600 ms CreateObjectMapping: 0.223400 ms MarkObjects: 3.701300 ms  DeleteObjects: 1.843400 ms)

========================================================================
Received Import Request.
  Time since last request: 360.770657 seconds.
  path: Assets/Prefabs/Enemy Variant.prefab
  artifactKey: Guid(3244dbf3fedea884491820e5346c8405) Importer(815301076,1909f56bfc062723c751e8b465ee728b)
Start importing Assets/Prefabs/Enemy Variant.prefab using Guid(3244dbf3fedea884491820e5346c8405) Importer(815301076,1909f56bfc062723c751e8b465ee728b)  -> (artifact id: '3e87a87bca1fdb5780232ae24c03761b') in 0.911934 seconds
  Import took 0.926491 seconds .

========================================================================
Received Import Request.
  Time since last request: 0.029895 seconds.
  path: Assets/Prefabs/Enemy Variant.prefab
  artifactKey: Guid(3244dbf3fedea884491820e5346c8405) Importer(815301076,1909f56bfc062723c751e8b465ee728b)
Start importing Assets/Prefabs/Enemy Variant.prefab using Guid(3244dbf3fedea884491820e5346c8405) Importer(815301076,1909f56bfc062723c751e8b465ee728b)  -> (artifact id: '3e87a87bca1fdb5780232ae24c03761b') in 0.114373 seconds
  Import took 0.132289 seconds .

========================================================================
Received Prepare
Registering precompiled user dll's ...
Registered in 0.006001 seconds.
Begin MonoManager ReloadAssembly
Native extension for WindowsStandalone target not found
Native extension for WebGL target not found
Refreshing native plugins compatible for Editor in 1.16 ms, found 0 plugins.
Preloading 0 native plugins for Editor in 0.00 ms.
Warning: Annotation not found!
UnityEngine.StackTraceUtility:ExtractStackTrace ()
UnityEditor.ProBuilder.EditorUtility:SetGizmoIconEnabled (System.Type,bool) (at C:/Users/letem/Documents/Cursos Unity/Cursos_Unity_2021/Shooter_/Library/PackageCache/com.unity.probuilder@5.0.3/Editor/EditorCore/EditorUtility.cs:575)
UnityEditor.ProBuilder.HierarchyListener:.cctor () (at C:/Users/letem/Documents/Cursos Unity/Cursos_Unity_2021/Shooter_/Library/PackageCache/com.unity.probuilder@5.0.3/Editor/EditorCore/HierarchyListener.cs:21)
System.Runtime.CompilerServices.RuntimeHelpers:RunClassConstructor (System.RuntimeTypeHandle)
UnityEditor.EditorAssemblies:ProcessInitializeOnLoadAttributes (System.Type[])

[C:/Users/letem/Documents/Cursos Unity/Cursos_Unity_2021/Shooter_/Library/PackageCache/com.unity.probuilder@5.0.3/Editor/EditorCore/EditorUtility.cs line 575]

Mono: successfully reloaded assembly
- Completed reload, in  3.841 seconds
Platform modules already initialized, skipping
Shader 'Universal Render Pipeline/Particles/Lit': fallback shader 'Universal Render Pipeline/Particles/SimpleLit' not found
Shader 'Universal Render Pipeline/Particles/Lit': fallback shader 'Universal Render Pipeline/Particles/SimpleLit' not found
Refreshing native plugins compatible for Editor in 1.07 ms, found 0 plugins.
Preloading 0 native plugins for Editor in 0.00 ms.
Unloading 3451 Unused Serialized files (Serialized files now loaded: 0)
System memory in use before: 183.0 MB.
System memory in use after: 181.6 MB.

Unloading 32 unused Assets to reduce memory usage. Loaded Objects now: 4125.
Total: 5.639100 ms (FindLiveObjects: 0.448200 ms CreateObjectMapping: 0.189900 ms MarkObjects: 3.611100 ms  DeleteObjects: 1.388000 ms)

AssetImportWorkerClient::OnTransportError - code=2 error=End of file
