Using pre-set license
Built from '2020.3/staging' branch; Version is '2020.3.5f1 (8095aa901b9b) revision 8426922'; Using compiler version '192528614'; Build Type 'Release'
OS: 'Windows 10 Pro; OS build 19043.1526; Version 2009; 64bit' Language: 'es' Physical Memory: 8169 MB
BatchMode: 1, IsHumanControllingUs: 0, StartBugReporterOnCrash: 0, Is64bit: 1, IsPro: 0

 COMMAND LINE ARGUMENTS:
C:\Program Files\Unity\Hub\Editor\2020.3.5f1\Editor\Unity.exe
-adb2
-batchMode
-noUpm
-name
AssetImportWorker4
-projectPath
C:/Users/letem/Documents/Cursos Unity/55/Shooter_
-logFile
Logs/AssetImportWorker4.log
-srvPort
58877
Successfully changed project path to: C:/Users/letem/Documents/Cursos Unity/55/Shooter_
C:/Users/letem/Documents/Cursos Unity/55/Shooter_
Using Asset Import Pipeline V2.
Refreshing native plugins compatible for Editor in 118.39 ms, found 0 plugins.
Preloading 0 native plugins for Editor in 0.00 ms.
Initialize engine version: 2020.3.5f1 (8095aa901b9b)
[Subsystems] Discovering subsystems at path C:/Program Files/Unity/Hub/Editor/2020.3.5f1/Editor/Data/Resources/UnitySubsystems
[Subsystems] Discovering subsystems at path C:/Users/letem/Documents/Cursos Unity/55/Shooter_/Assets
GfxDevice: creating device client; threaded=0
Direct3D:
    Version:  Direct3D 11.0 [level 11.1]
    Renderer: NVIDIA GeForce GTX 1050 Ti (ID=0x1c82)
    Vendor:   
    VRAM:     4018 MB
    Driver:   30.0.15.1165
Initialize mono
Mono path[0] = 'C:/Program Files/Unity/Hub/Editor/2020.3.5f1/Editor/Data/Managed'
Mono path[1] = 'C:/Program Files/Unity/Hub/Editor/2020.3.5f1/Editor/Data/MonoBleedingEdge/lib/mono/unityjit'
Mono config path = 'C:/Program Files/Unity/Hub/Editor/2020.3.5f1/Editor/Data/MonoBleedingEdge/etc'
Using monoOptions --debugger-agent=transport=dt_socket,embedding=1,server=y,suspend=n,address=127.0.0.1:56776
Begin MonoManager ReloadAssembly
Registering precompiled unity dll's ...
Register platform support module: C:/Program Files/Unity/Hub/Editor/2020.3.5f1/Editor/Data/PlaybackEngines/WebGLSupport/UnityEditor.WebGL.Extensions.dll
Register platform support module: C:/Program Files/Unity/Hub/Editor/2020.3.5f1/Editor/Data/PlaybackEngines/WindowsStandaloneSupport/UnityEditor.WindowsStandalone.Extensions.dll
Registered in 0.007425 seconds.
Native extension for WindowsStandalone target not found
Native extension for WebGL target not found
Refreshing native plugins compatible for Editor in 116.62 ms, found 0 plugins.
Preloading 0 native plugins for Editor in 0.00 ms.
Mono: successfully reloaded assembly
- Completed reload, in  5.053 seconds
Platform modules already initialized, skipping
Registering precompiled user dll's ...
Registered in 0.005579 seconds.
Begin MonoManager ReloadAssembly
Native extension for WindowsStandalone target not found
Native extension for WebGL target not found
Refreshing native plugins compatible for Editor in 114.76 ms, found 0 plugins.
Preloading 0 native plugins for Editor in 0.00 ms.
Mono: successfully reloaded assembly
- Completed reload, in  2.455 seconds
Platform modules already initialized, skipping
========================================================================
Worker process is ready to serve import requests
Shader 'Universal Render Pipeline/Particles/Lit': fallback shader 'Universal Render Pipeline/Particles/SimpleLit' not found
Shader 'Universal Render Pipeline/Particles/Lit': fallback shader 'Universal Render Pipeline/Particles/SimpleLit' not found
Launched and connected shader compiler UnityShaderCompiler.exe after 0.31 seconds
Refreshing native plugins compatible for Editor in 1.01 ms, found 0 plugins.
Preloading 0 native plugins for Editor in 0.00 ms.
Unloading 3590 Unused Serialized files (Serialized files now loaded: 0)
System memory in use before: 173.7 MB.
System memory in use after: 172.3 MB.

Unloading 151 unused Assets to reduce memory usage. Loaded Objects now: 4020.
Total: 12.304900 ms (FindLiveObjects: 5.735200 ms CreateObjectMapping: 0.513800 ms MarkObjects: 4.629500 ms  DeleteObjects: 1.423700 ms)

========================================================================
Received Prepare
Registering precompiled user dll's ...
Registered in 0.005579 seconds.
Begin MonoManager ReloadAssembly
Native extension for WindowsStandalone target not found
Native extension for WebGL target not found
Refreshing native plugins compatible for Editor in 0.95 ms, found 0 plugins.
Preloading 0 native plugins for Editor in 0.00 ms.
Warning: Annotation not found!
UnityEngine.StackTraceUtility:ExtractStackTrace ()
UnityEditor.ProBuilder.EditorUtility:SetGizmoIconEnabled (System.Type,bool) (at C:/Users/letem/Documents/Cursos Unity/Cursos_Unity_2021/Shooter_/Library/PackageCache/com.unity.probuilder@5.0.3/Editor/EditorCore/EditorUtility.cs:575)
UnityEditor.ProBuilder.HierarchyListener:.cctor () (at C:/Users/letem/Documents/Cursos Unity/Cursos_Unity_2021/Shooter_/Library/PackageCache/com.unity.probuilder@5.0.3/Editor/EditorCore/HierarchyListener.cs:21)
System.Runtime.CompilerServices.RuntimeHelpers:RunClassConstructor (System.RuntimeTypeHandle)
UnityEditor.EditorAssemblies:ProcessInitializeOnLoadAttributes (System.Type[])

[C:/Users/letem/Documents/Cursos Unity/Cursos_Unity_2021/Shooter_/Library/PackageCache/com.unity.probuilder@5.0.3/Editor/EditorCore/EditorUtility.cs line 575]

Mono: successfully reloaded assembly
- Completed reload, in  2.089 seconds
Platform modules already initialized, skipping
Shader 'Universal Render Pipeline/Particles/Lit': fallback shader 'Universal Render Pipeline/Particles/SimpleLit' not found
Shader 'Universal Render Pipeline/Particles/Lit': fallback shader 'Universal Render Pipeline/Particles/SimpleLit' not found
Refreshing native plugins compatible for Editor in 1.26 ms, found 0 plugins.
Preloading 0 native plugins for Editor in 0.00 ms.
Unloading 3450 Unused Serialized files (Serialized files now loaded: 0)
System memory in use before: 164.3 MB.
System memory in use after: 162.9 MB.

Unloading 32 unused Assets to reduce memory usage. Loaded Objects now: 4023.
Total: 8.199100 ms (FindLiveObjects: 0.399600 ms CreateObjectMapping: 0.182500 ms MarkObjects: 6.279900 ms  DeleteObjects: 1.334400 ms)

========================================================================
Received Import Request.
  path: Assets/Prefabs/Player Variant.prefab
  artifactKey: Guid(07017c42a1a21c3439f09d21cfaac1ac) Importer(815301076,1909f56bfc062723c751e8b465ee728b)
Start importing Assets/Prefabs/Player Variant.prefab using Guid(07017c42a1a21c3439f09d21cfaac1ac) Importer(815301076,1909f56bfc062723c751e8b465ee728b)  -> (artifact id: '379c6ee55db494761cd0e86931aab5b8') in 1.949759 seconds
  Import took 1.966934 seconds .

========================================================================
Received Import Request.
  Time since last request: 0.000451 seconds.
  path: Assets/Prefabs/Enemy Variant.prefab
  artifactKey: Guid(3244dbf3fedea884491820e5346c8405) Importer(815301076,1909f56bfc062723c751e8b465ee728b)
Start importing Assets/Prefabs/Enemy Variant.prefab using Guid(3244dbf3fedea884491820e5346c8405) Importer(815301076,1909f56bfc062723c751e8b465ee728b)  -> (artifact id: '92bca1261b3f3ade31a401c97444a3dd') in 0.299859 seconds
  Import took 0.314485 seconds .

========================================================================
Received Prepare
Registering precompiled user dll's ...
Registered in 0.005105 seconds.
Begin MonoManager ReloadAssembly
Native extension for WindowsStandalone target not found
Native extension for WebGL target not found
Refreshing native plugins compatible for Editor in 1.06 ms, found 0 plugins.
Preloading 0 native plugins for Editor in 0.00 ms.
Warning: Annotation not found!
UnityEngine.StackTraceUtility:ExtractStackTrace ()
UnityEditor.ProBuilder.EditorUtility:SetGizmoIconEnabled (System.Type,bool) (at C:/Users/letem/Documents/Cursos Unity/Cursos_Unity_2021/Shooter_/Library/PackageCache/com.unity.probuilder@5.0.3/Editor/EditorCore/EditorUtility.cs:575)
UnityEditor.ProBuilder.HierarchyListener:.cctor () (at C:/Users/letem/Documents/Cursos Unity/Cursos_Unity_2021/Shooter_/Library/PackageCache/com.unity.probuilder@5.0.3/Editor/EditorCore/HierarchyListener.cs:21)
System.Runtime.CompilerServices.RuntimeHelpers:RunClassConstructor (System.RuntimeTypeHandle)
UnityEditor.EditorAssemblies:ProcessInitializeOnLoadAttributes (System.Type[])

[C:/Users/letem/Documents/Cursos Unity/Cursos_Unity_2021/Shooter_/Library/PackageCache/com.unity.probuilder@5.0.3/Editor/EditorCore/EditorUtility.cs line 575]

Mono: successfully reloaded assembly
- Completed reload, in  2.273 seconds
Platform modules already initialized, skipping
Shader 'Universal Render Pipeline/Particles/Lit': fallback shader 'Universal Render Pipeline/Particles/SimpleLit' not found
Shader 'Universal Render Pipeline/Particles/Lit': fallback shader 'Universal Render Pipeline/Particles/SimpleLit' not found
Refreshing native plugins compatible for Editor in 0.87 ms, found 0 plugins.
Preloading 0 native plugins for Editor in 0.00 ms.
Unloading 3450 Unused Serialized files (Serialized files now loaded: 0)
System memory in use before: 182.5 MB.
System memory in use after: 181.0 MB.

Unloading 33 unused Assets to reduce memory usage. Loaded Objects now: 4072.
Total: 5.330500 ms (FindLiveObjects: 0.370500 ms CreateObjectMapping: 0.169400 ms MarkObjects: 3.576400 ms  DeleteObjects: 1.212200 ms)

========================================================================
Received Import Request.
  Time since last request: 323.606778 seconds.
  path: Assets/Prefabs/Bala.prefab
  artifactKey: Guid(09b7ab327eb276845a9795aef40c30bc) Importer(815301076,1909f56bfc062723c751e8b465ee728b)
Start importing Assets/Prefabs/Bala.prefab using Guid(09b7ab327eb276845a9795aef40c30bc) Importer(815301076,1909f56bfc062723c751e8b465ee728b)  -> (artifact id: '31b9b64c3fa4be0755003ada30ec1a2f') in 0.296775 seconds
  Import took 0.322791 seconds .

========================================================================
Received Import Request.
  Time since last request: 3.193675 seconds.
  path: Assets/Prefabs/Bala.prefab
  artifactKey: Guid(09b7ab327eb276845a9795aef40c30bc) Importer(815301076,1909f56bfc062723c751e8b465ee728b)
Start importing Assets/Prefabs/Bala.prefab using Guid(09b7ab327eb276845a9795aef40c30bc) Importer(815301076,1909f56bfc062723c751e8b465ee728b)  -> (artifact id: 'baf84fd606f91a68c483829df118ef42') in 0.015503 seconds
  Import took 0.043986 seconds .

========================================================================
Received Import Request.
  Time since last request: 77.120010 seconds.
  path: Assets/Prefabs/Bala.prefab
  artifactKey: Guid(09b7ab327eb276845a9795aef40c30bc) Importer(815301076,1909f56bfc062723c751e8b465ee728b)
Start importing Assets/Prefabs/Bala.prefab using Guid(09b7ab327eb276845a9795aef40c30bc) Importer(815301076,1909f56bfc062723c751e8b465ee728b)  -> (artifact id: '69811e951edfcc20c62596b23ff6d261') in 0.015055 seconds
  Import took 0.045387 seconds .

========================================================================
Received Import Request.
  Time since last request: 133.659123 seconds.
  path: Assets/Prefabs/Enemy Variant.prefab
  artifactKey: Guid(3244dbf3fedea884491820e5346c8405) Importer(815301076,1909f56bfc062723c751e8b465ee728b)
Start importing Assets/Prefabs/Enemy Variant.prefab using Guid(3244dbf3fedea884491820e5346c8405) Importer(815301076,1909f56bfc062723c751e8b465ee728b)  -> (artifact id: '0bb46c84e8c94ad085c7455ad8b8b5c4') in 0.344923 seconds
  Import took 0.379090 seconds .

========================================================================
Received Import Request.
  Time since last request: 18.526593 seconds.
  path: Assets/Prefabs/Enemy Variant.prefab
  artifactKey: Guid(3244dbf3fedea884491820e5346c8405) Importer(815301076,1909f56bfc062723c751e8b465ee728b)
Start importing Assets/Prefabs/Enemy Variant.prefab using Guid(3244dbf3fedea884491820e5346c8405) Importer(815301076,1909f56bfc062723c751e8b465ee728b)  -> (artifact id: '2fde3bae25774186f31adcb09e2445ad') in 0.115821 seconds
  Import took 0.143053 seconds .

========================================================================
Received Import Request.
  Time since last request: 2.121939 seconds.
  path: Assets/Prefabs/Enemy Variant.prefab
  artifactKey: Guid(3244dbf3fedea884491820e5346c8405) Importer(815301076,1909f56bfc062723c751e8b465ee728b)
Start importing Assets/Prefabs/Enemy Variant.prefab using Guid(3244dbf3fedea884491820e5346c8405) Importer(815301076,1909f56bfc062723c751e8b465ee728b)  -> (artifact id: '7c0023660efb3ea9d2535641197b30c6') in 0.107110 seconds
  Import took 0.138315 seconds .

========================================================================
Received Import Request.
  Time since last request: 2.073667 seconds.
  path: Assets/Prefabs/Enemy Variant.prefab
  artifactKey: Guid(3244dbf3fedea884491820e5346c8405) Importer(815301076,1909f56bfc062723c751e8b465ee728b)
Start importing Assets/Prefabs/Enemy Variant.prefab using Guid(3244dbf3fedea884491820e5346c8405) Importer(815301076,1909f56bfc062723c751e8b465ee728b)  -> (artifact id: '528418daed8cf8540802601a7c8e54e5') in 0.138799 seconds
  Import took 0.169877 seconds .

========================================================================
Received Import Request.
  Time since last request: 1.098052 seconds.
  path: Assets/Prefabs/Enemy Variant.prefab
  artifactKey: Guid(3244dbf3fedea884491820e5346c8405) Importer(815301076,1909f56bfc062723c751e8b465ee728b)
Start importing Assets/Prefabs/Enemy Variant.prefab using Guid(3244dbf3fedea884491820e5346c8405) Importer(815301076,1909f56bfc062723c751e8b465ee728b)  -> (artifact id: 'cca3d73849f0cb6b3e00afd15d34f2d4') in 0.116287 seconds
  Import took 0.144885 seconds .

========================================================================
Received Import Request.
  Time since last request: 137.256926 seconds.
  path: Assets/Prefabs/Enemy Variant.prefab
  artifactKey: Guid(3244dbf3fedea884491820e5346c8405) Importer(815301076,1909f56bfc062723c751e8b465ee728b)
Start importing Assets/Prefabs/Enemy Variant.prefab using Guid(3244dbf3fedea884491820e5346c8405) Importer(815301076,1909f56bfc062723c751e8b465ee728b)  -> (artifact id: 'db815a969b8af227e4963433363f6b5a') in 0.109714 seconds
  Import took 0.149401 seconds .

========================================================================
Received Import Request.
  Time since last request: 58.118108 seconds.
  path: Assets/Prefabs/Enemy Variant.prefab
  artifactKey: Guid(3244dbf3fedea884491820e5346c8405) Importer(815301076,1909f56bfc062723c751e8b465ee728b)
Start importing Assets/Prefabs/Enemy Variant.prefab using Guid(3244dbf3fedea884491820e5346c8405) Importer(815301076,1909f56bfc062723c751e8b465ee728b)  -> (artifact id: 'a8a8e54574a387bf90019fd5f9d2ded3') in 0.108586 seconds
  Import took 0.136325 seconds .

========================================================================
Received Import Request.
  Time since last request: 0.942577 seconds.
  path: Assets/Prefabs/Enemy Variant.prefab
  artifactKey: Guid(3244dbf3fedea884491820e5346c8405) Importer(815301076,1909f56bfc062723c751e8b465ee728b)
Start importing Assets/Prefabs/Enemy Variant.prefab using Guid(3244dbf3fedea884491820e5346c8405) Importer(815301076,1909f56bfc062723c751e8b465ee728b)  -> (artifact id: '74b8e85f005b7af981724c08538df0e2') in 0.099491 seconds
  Import took 0.141914 seconds .

========================================================================
Received Import Request.
  Time since last request: 0.730599 seconds.
  path: Assets/Prefabs/Enemy Variant.prefab
  artifactKey: Guid(3244dbf3fedea884491820e5346c8405) Importer(815301076,1909f56bfc062723c751e8b465ee728b)
Start importing Assets/Prefabs/Enemy Variant.prefab using Guid(3244dbf3fedea884491820e5346c8405) Importer(815301076,1909f56bfc062723c751e8b465ee728b)  -> (artifact id: '9df876653267cd8a98042d6235d12ea4') in 0.097144 seconds
  Import took 0.131445 seconds .

========================================================================
Received Import Request.
  Time since last request: 5.750710 seconds.
  path: Assets/Prefabs/Enemy Variant.prefab
  artifactKey: Guid(3244dbf3fedea884491820e5346c8405) Importer(815301076,1909f56bfc062723c751e8b465ee728b)
Start importing Assets/Prefabs/Enemy Variant.prefab using Guid(3244dbf3fedea884491820e5346c8405) Importer(815301076,1909f56bfc062723c751e8b465ee728b)  -> (artifact id: '3d10899ad2bccbfb51db9e32072f0df0') in 0.103425 seconds
  Import took 0.145354 seconds .

========================================================================
Received Import Request.
  Time since last request: 25.601686 seconds.
  path: Assets/Prefabs/Enemy Variant.prefab
  artifactKey: Guid(3244dbf3fedea884491820e5346c8405) Importer(815301076,1909f56bfc062723c751e8b465ee728b)
Start importing Assets/Prefabs/Enemy Variant.prefab using Guid(3244dbf3fedea884491820e5346c8405) Importer(815301076,1909f56bfc062723c751e8b465ee728b)  -> (artifact id: '66cce94ec32da87b050cee1b471cb2b8') in 0.113828 seconds
  Import took 0.181759 seconds .

========================================================================
Received Import Request.
  Time since last request: 7.775444 seconds.
  path: Assets/Prefabs/Enemy Variant.prefab
  artifactKey: Guid(3244dbf3fedea884491820e5346c8405) Importer(815301076,1909f56bfc062723c751e8b465ee728b)
Start importing Assets/Prefabs/Enemy Variant.prefab using Guid(3244dbf3fedea884491820e5346c8405) Importer(815301076,1909f56bfc062723c751e8b465ee728b)  -> (artifact id: '86a468b34b577da63bc3a4923dcb1c13') in 0.124294 seconds
  Import took 0.160873 seconds .

========================================================================
Received Import Request.
  Time since last request: 1.729058 seconds.
  path: Assets/Prefabs/Enemy Variant.prefab
  artifactKey: Guid(3244dbf3fedea884491820e5346c8405) Importer(815301076,1909f56bfc062723c751e8b465ee728b)
Start importing Assets/Prefabs/Enemy Variant.prefab using Guid(3244dbf3fedea884491820e5346c8405) Importer(815301076,1909f56bfc062723c751e8b465ee728b)  -> (artifact id: '8bcdcfa5808ba279a03cd5f4c7efac55') in 0.129092 seconds
  Import took 0.218025 seconds .

========================================================================
Received Import Request.
  Time since last request: 2.324878 seconds.
  path: Assets/Prefabs/Enemy Variant.prefab
  artifactKey: Guid(3244dbf3fedea884491820e5346c8405) Importer(815301076,1909f56bfc062723c751e8b465ee728b)
Start importing Assets/Prefabs/Enemy Variant.prefab using Guid(3244dbf3fedea884491820e5346c8405) Importer(815301076,1909f56bfc062723c751e8b465ee728b)  -> (artifact id: '0d5734639f73fc245e6a9da983af04f8') in 0.127757 seconds
  Import took 0.236153 seconds .

========================================================================
Received Import Request.
  Time since last request: 9.788478 seconds.
  path: Assets/Prefabs/Enemy Variant.prefab
  artifactKey: Guid(3244dbf3fedea884491820e5346c8405) Importer(815301076,1909f56bfc062723c751e8b465ee728b)
Start importing Assets/Prefabs/Enemy Variant.prefab using Guid(3244dbf3fedea884491820e5346c8405) Importer(815301076,1909f56bfc062723c751e8b465ee728b)  -> (artifact id: 'f4af828197e3fa0d2644df17fd6df0ec') in 0.104692 seconds
  Import took 0.159302 seconds .

========================================================================
Received Import Request.
  Time since last request: 31.019153 seconds.
  path: Assets/Prefabs/Enemy Variant.prefab
  artifactKey: Guid(3244dbf3fedea884491820e5346c8405) Importer(815301076,1909f56bfc062723c751e8b465ee728b)
Start importing Assets/Prefabs/Enemy Variant.prefab using Guid(3244dbf3fedea884491820e5346c8405) Importer(815301076,1909f56bfc062723c751e8b465ee728b)  -> (artifact id: '0ae216fdf333f19a53616f0800f32ea5') in 0.106719 seconds
  Import took 0.138361 seconds .

========================================================================
Received Import Request.
  Time since last request: 19.257249 seconds.
  path: Assets/Prefabs/Enemy Variant.prefab
  artifactKey: Guid(3244dbf3fedea884491820e5346c8405) Importer(815301076,1909f56bfc062723c751e8b465ee728b)
Start importing Assets/Prefabs/Enemy Variant.prefab using Guid(3244dbf3fedea884491820e5346c8405) Importer(815301076,1909f56bfc062723c751e8b465ee728b)  -> (artifact id: 'f261e529bde51b7d26a23aaf043c5ed3') in 0.104216 seconds
  Import took 0.214867 seconds .

========================================================================
Received Import Request.
  Time since last request: 2.053780 seconds.
  path: Assets/Prefabs/Enemy Variant.prefab
  artifactKey: Guid(3244dbf3fedea884491820e5346c8405) Importer(815301076,1909f56bfc062723c751e8b465ee728b)
Start importing Assets/Prefabs/Enemy Variant.prefab using Guid(3244dbf3fedea884491820e5346c8405) Importer(815301076,1909f56bfc062723c751e8b465ee728b)  -> (artifact id: 'e7773e8ed205dd977db1fe72d1cb254b') in 0.123497 seconds
  Import took 0.151710 seconds .

========================================================================
Received Import Request.
  Time since last request: 3.683716 seconds.
  path: Assets/Prefabs/Enemy Variant.prefab
  artifactKey: Guid(3244dbf3fedea884491820e5346c8405) Importer(815301076,1909f56bfc062723c751e8b465ee728b)
Start importing Assets/Prefabs/Enemy Variant.prefab using Guid(3244dbf3fedea884491820e5346c8405) Importer(815301076,1909f56bfc062723c751e8b465ee728b)  -> (artifact id: '8d722e0959bf34d1cbdab58f6f57c0f9') in 0.102936 seconds
  Import took 0.134298 seconds .

========================================================================
Received Import Request.
  Time since last request: 3.110814 seconds.
  path: Assets/Prefabs/Enemy Variant.prefab
  artifactKey: Guid(3244dbf3fedea884491820e5346c8405) Importer(815301076,1909f56bfc062723c751e8b465ee728b)
Start importing Assets/Prefabs/Enemy Variant.prefab using Guid(3244dbf3fedea884491820e5346c8405) Importer(815301076,1909f56bfc062723c751e8b465ee728b)  -> (artifact id: '7c1cce8da559bd695d600e9af48dcc3a') in 0.103058 seconds
  Import took 0.138786 seconds .

========================================================================
Received Import Request.
  Time since last request: 12.537393 seconds.
  path: Assets/Prefabs/Enemy Variant.prefab
  artifactKey: Guid(3244dbf3fedea884491820e5346c8405) Importer(815301076,1909f56bfc062723c751e8b465ee728b)
Start importing Assets/Prefabs/Enemy Variant.prefab using Guid(3244dbf3fedea884491820e5346c8405) Importer(815301076,1909f56bfc062723c751e8b465ee728b)  -> (artifact id: '131d6a74dad84db536a7963668f27a5d') in 0.106696 seconds
  Import took 0.134932 seconds .

========================================================================
Received Import Request.
  Time since last request: 24.939954 seconds.
  path: Assets/Prefabs/Enemy Variant.prefab
  artifactKey: Guid(3244dbf3fedea884491820e5346c8405) Importer(815301076,1909f56bfc062723c751e8b465ee728b)
Start importing Assets/Prefabs/Enemy Variant.prefab using Guid(3244dbf3fedea884491820e5346c8405) Importer(815301076,1909f56bfc062723c751e8b465ee728b)  -> (artifact id: '2c2cc2e06eefd44b2751d1ffc516c0b5') in 0.105879 seconds
  Import took 0.140988 seconds .

========================================================================
Received Import Request.
  Time since last request: 3.605014 seconds.
  path: Assets/Prefabs/Enemy Variant.prefab
  artifactKey: Guid(3244dbf3fedea884491820e5346c8405) Importer(815301076,1909f56bfc062723c751e8b465ee728b)
Start importing Assets/Prefabs/Enemy Variant.prefab using Guid(3244dbf3fedea884491820e5346c8405) Importer(815301076,1909f56bfc062723c751e8b465ee728b)  -> (artifact id: '00427282027a57a3e822edf697e614e6') in 0.105707 seconds
  Import took 0.155905 seconds .

========================================================================
Received Import Request.
  Time since last request: 11.222715 seconds.
  path: Assets/Prefabs/Enemy Variant.prefab
  artifactKey: Guid(3244dbf3fedea884491820e5346c8405) Importer(815301076,1909f56bfc062723c751e8b465ee728b)
Start importing Assets/Prefabs/Enemy Variant.prefab using Guid(3244dbf3fedea884491820e5346c8405) Importer(815301076,1909f56bfc062723c751e8b465ee728b)  -> (artifact id: 'b961388efa2afb73e8479015dff2e2db') in 0.100700 seconds
  Import took 0.115949 seconds .

========================================================================
Received Import Request.
  Time since last request: 7.026169 seconds.
  path: Assets/Prefabs/Enemy Variant.prefab
  artifactKey: Guid(3244dbf3fedea884491820e5346c8405) Importer(815301076,1909f56bfc062723c751e8b465ee728b)
Start importing Assets/Prefabs/Enemy Variant.prefab using Guid(3244dbf3fedea884491820e5346c8405) Importer(815301076,1909f56bfc062723c751e8b465ee728b)  -> (artifact id: '97378e5479bfb54efbccf1f12ecf5c23') in 0.133941 seconds
  Import took 0.164876 seconds .

========================================================================
Received Import Request.
  Time since last request: 1.945554 seconds.
  path: Assets/Prefabs/Enemy Variant.prefab
  artifactKey: Guid(3244dbf3fedea884491820e5346c8405) Importer(815301076,1909f56bfc062723c751e8b465ee728b)
Start importing Assets/Prefabs/Enemy Variant.prefab using Guid(3244dbf3fedea884491820e5346c8405) Importer(815301076,1909f56bfc062723c751e8b465ee728b)  -> (artifact id: 'f1405836ee5387ad607c553b8d8adfd0') in 0.103376 seconds
  Import took 0.138515 seconds .

========================================================================
Received Import Request.
  Time since last request: 5.786340 seconds.
  path: Assets/Prefabs/Enemy Variant.prefab
  artifactKey: Guid(3244dbf3fedea884491820e5346c8405) Importer(815301076,1909f56bfc062723c751e8b465ee728b)
Start importing Assets/Prefabs/Enemy Variant.prefab using Guid(3244dbf3fedea884491820e5346c8405) Importer(815301076,1909f56bfc062723c751e8b465ee728b)  -> (artifact id: 'f7c34d508b605c886d019e62d55dce45') in 0.107838 seconds
  Import took 0.152049 seconds .

========================================================================
Received Import Request.
  Time since last request: 5.086626 seconds.
  path: Assets/Prefabs/Enemy Variant.prefab
  artifactKey: Guid(3244dbf3fedea884491820e5346c8405) Importer(815301076,1909f56bfc062723c751e8b465ee728b)
Start importing Assets/Prefabs/Enemy Variant.prefab using Guid(3244dbf3fedea884491820e5346c8405) Importer(815301076,1909f56bfc062723c751e8b465ee728b)  -> (artifact id: '64b6abc362d5bcdb9f8a8cd6267b9cad') in 0.132212 seconds
  Import took 0.174631 seconds .

========================================================================
Received Import Request.
  Time since last request: 2.929787 seconds.
  path: Assets/Prefabs/Enemy Variant.prefab
  artifactKey: Guid(3244dbf3fedea884491820e5346c8405) Importer(815301076,1909f56bfc062723c751e8b465ee728b)
Start importing Assets/Prefabs/Enemy Variant.prefab using Guid(3244dbf3fedea884491820e5346c8405) Importer(815301076,1909f56bfc062723c751e8b465ee728b)  -> (artifact id: '925b4ccc0f4d3ce9b5d25d49b4b66df8') in 0.101932 seconds
  Import took 0.127542 seconds .

========================================================================
Received Import Request.
  Time since last request: 45.213288 seconds.
  path: Assets/Prefabs/Enemy Variant.prefab
  artifactKey: Guid(3244dbf3fedea884491820e5346c8405) Importer(815301076,1909f56bfc062723c751e8b465ee728b)
Start importing Assets/Prefabs/Enemy Variant.prefab using Guid(3244dbf3fedea884491820e5346c8405) Importer(815301076,1909f56bfc062723c751e8b465ee728b)  -> (artifact id: '4be6df62f8acb5da59edd96134baa31f') in 0.230047 seconds
  Import took 0.267157 seconds .

========================================================================
Received Import Request.
  Time since last request: 2.889532 seconds.
  path: Assets/Prefabs/Enemy Variant.prefab
  artifactKey: Guid(3244dbf3fedea884491820e5346c8405) Importer(815301076,1909f56bfc062723c751e8b465ee728b)
Start importing Assets/Prefabs/Enemy Variant.prefab using Guid(3244dbf3fedea884491820e5346c8405) Importer(815301076,1909f56bfc062723c751e8b465ee728b)  -> (artifact id: '6ca20cfb0884c840c1878ff4c68d1307') in 0.106860 seconds
  Import took 0.121522 seconds .

========================================================================
Received Import Request.
  Time since last request: 1.526934 seconds.
  path: Assets/Prefabs/Enemy Variant.prefab
  artifactKey: Guid(3244dbf3fedea884491820e5346c8405) Importer(815301076,1909f56bfc062723c751e8b465ee728b)
Start importing Assets/Prefabs/Enemy Variant.prefab using Guid(3244dbf3fedea884491820e5346c8405) Importer(815301076,1909f56bfc062723c751e8b465ee728b)  -> (artifact id: '6c506b6726a33c78402d3727a7bcb28a') in 0.102357 seconds
  Import took 0.132612 seconds .

========================================================================
Received Import Request.
  Time since last request: 2.096848 seconds.
  path: Assets/Prefabs/Enemy Variant.prefab
  artifactKey: Guid(3244dbf3fedea884491820e5346c8405) Importer(815301076,1909f56bfc062723c751e8b465ee728b)
Start importing Assets/Prefabs/Enemy Variant.prefab using Guid(3244dbf3fedea884491820e5346c8405) Importer(815301076,1909f56bfc062723c751e8b465ee728b)  -> (artifact id: 'ea841a5bd8d09ca857f9af9d7d865154') in 0.107138 seconds
  Import took 0.140810 seconds .

========================================================================
Received Import Request.
  Time since last request: 3.130219 seconds.
  path: Assets/Prefabs/Enemy Variant.prefab
  artifactKey: Guid(3244dbf3fedea884491820e5346c8405) Importer(815301076,1909f56bfc062723c751e8b465ee728b)
Start importing Assets/Prefabs/Enemy Variant.prefab using Guid(3244dbf3fedea884491820e5346c8405) Importer(815301076,1909f56bfc062723c751e8b465ee728b)  -> (artifact id: '8370de046dd593e20b61d4eae63d1f29') in 0.104289 seconds
  Import took 0.118458 seconds .

========================================================================
Received Prepare
Registering precompiled user dll's ...
Registered in 0.005100 seconds.
Begin MonoManager ReloadAssembly
Native extension for WindowsStandalone target not found
Native extension for WebGL target not found
Refreshing native plugins compatible for Editor in 0.84 ms, found 0 plugins.
Preloading 0 native plugins for Editor in 0.00 ms.
Warning: Annotation not found!
UnityEngine.StackTraceUtility:ExtractStackTrace ()
UnityEditor.ProBuilder.EditorUtility:SetGizmoIconEnabled (System.Type,bool) (at C:/Users/letem/Documents/Cursos Unity/Cursos_Unity_2021/Shooter_/Library/PackageCache/com.unity.probuilder@5.0.3/Editor/EditorCore/EditorUtility.cs:575)
UnityEditor.ProBuilder.HierarchyListener:.cctor () (at C:/Users/letem/Documents/Cursos Unity/Cursos_Unity_2021/Shooter_/Library/PackageCache/com.unity.probuilder@5.0.3/Editor/EditorCore/HierarchyListener.cs:21)
System.Runtime.CompilerServices.RuntimeHelpers:RunClassConstructor (System.RuntimeTypeHandle)
UnityEditor.EditorAssemblies:ProcessInitializeOnLoadAttributes (System.Type[])

[C:/Users/letem/Documents/Cursos Unity/Cursos_Unity_2021/Shooter_/Library/PackageCache/com.unity.probuilder@5.0.3/Editor/EditorCore/EditorUtility.cs line 575]

Mono: successfully reloaded assembly
- Completed reload, in  1.860 seconds
Platform modules already initialized, skipping
Shader 'Universal Render Pipeline/Particles/Lit': fallback shader 'Universal Render Pipeline/Particles/SimpleLit' not found
Shader 'Universal Render Pipeline/Particles/Lit': fallback shader 'Universal Render Pipeline/Particles/SimpleLit' not found
Refreshing native plugins compatible for Editor in 1.05 ms, found 0 plugins.
Preloading 0 native plugins for Editor in 0.00 ms.
Unloading 3450 Unused Serialized files (Serialized files now loaded: 0)
System memory in use before: 183.1 MB.
System memory in use after: 181.7 MB.

Unloading 32 unused Assets to reduce memory usage. Loaded Objects now: 4112.
Total: 6.150600 ms (FindLiveObjects: 0.439500 ms CreateObjectMapping: 0.176600 ms MarkObjects: 4.128500 ms  DeleteObjects: 1.404100 ms)

========================================================================
Received Import Request.
  Time since last request: 255.282635 seconds.
  path: Assets/Prefabs/Enemy Variant.prefab
  artifactKey: Guid(3244dbf3fedea884491820e5346c8405) Importer(815301076,1909f56bfc062723c751e8b465ee728b)
Start importing Assets/Prefabs/Enemy Variant.prefab using Guid(3244dbf3fedea884491820e5346c8405) Importer(815301076,1909f56bfc062723c751e8b465ee728b)  -> (artifact id: '560b8612b25c0dfd70f1194aee73b7af') in 0.377339 seconds
  Import took 0.431842 seconds .

========================================================================
Received Prepare
Registering precompiled user dll's ...
Registered in 0.005081 seconds.
Begin MonoManager ReloadAssembly
Native extension for WindowsStandalone target not found
Native extension for WebGL target not found
Refreshing native plugins compatible for Editor in 0.87 ms, found 0 plugins.
Preloading 0 native plugins for Editor in 0.00 ms.
Warning: Annotation not found!
UnityEngine.StackTraceUtility:ExtractStackTrace ()
UnityEditor.ProBuilder.EditorUtility:SetGizmoIconEnabled (System.Type,bool) (at C:/Users/letem/Documents/Cursos Unity/Cursos_Unity_2021/Shooter_/Library/PackageCache/com.unity.probuilder@5.0.3/Editor/EditorCore/EditorUtility.cs:575)
UnityEditor.ProBuilder.HierarchyListener:.cctor () (at C:/Users/letem/Documents/Cursos Unity/Cursos_Unity_2021/Shooter_/Library/PackageCache/com.unity.probuilder@5.0.3/Editor/EditorCore/HierarchyListener.cs:21)
System.Runtime.CompilerServices.RuntimeHelpers:RunClassConstructor (System.RuntimeTypeHandle)
UnityEditor.EditorAssemblies:ProcessInitializeOnLoadAttributes (System.Type[])

[C:/Users/letem/Documents/Cursos Unity/Cursos_Unity_2021/Shooter_/Library/PackageCache/com.unity.probuilder@5.0.3/Editor/EditorCore/EditorUtility.cs line 575]

Mono: successfully reloaded assembly
- Completed reload, in  1.831 seconds
Platform modules already initialized, skipping
Shader 'Universal Render Pipeline/Particles/Lit': fallback shader 'Universal Render Pipeline/Particles/SimpleLit' not found
Shader 'Universal Render Pipeline/Particles/Lit': fallback shader 'Universal Render Pipeline/Particles/SimpleLit' not found
Refreshing native plugins compatible for Editor in 0.86 ms, found 0 plugins.
Preloading 0 native plugins for Editor in 0.00 ms.
Unloading 3450 Unused Serialized files (Serialized files now loaded: 0)
System memory in use before: 183.2 MB.
System memory in use after: 181.8 MB.

Unloading 32 unused Assets to reduce memory usage. Loaded Objects now: 4151.
Total: 5.931000 ms (FindLiveObjects: 0.397900 ms CreateObjectMapping: 0.174800 ms MarkObjects: 3.905900 ms  DeleteObjects: 1.449800 ms)

========================================================================
Received Import Request.
  Time since last request: 106.718859 seconds.
  path: Assets/Prefabs/Enemy Variant.prefab
  artifactKey: Guid(3244dbf3fedea884491820e5346c8405) Importer(815301076,1909f56bfc062723c751e8b465ee728b)
Start importing Assets/Prefabs/Enemy Variant.prefab using Guid(3244dbf3fedea884491820e5346c8405) Importer(815301076,1909f56bfc062723c751e8b465ee728b)  -> (artifact id: 'f6da3b5ac75f698ca306c13dd6fcb88c') in 0.406970 seconds
  Import took 0.445924 seconds .

========================================================================
Received Import Request.
  Time since last request: 54.731614 seconds.
  path: Assets/Prefabs/Enemy Variant.prefab
  artifactKey: Guid(3244dbf3fedea884491820e5346c8405) Importer(815301076,1909f56bfc062723c751e8b465ee728b)
Start importing Assets/Prefabs/Enemy Variant.prefab using Guid(3244dbf3fedea884491820e5346c8405) Importer(815301076,1909f56bfc062723c751e8b465ee728b)  -> (artifact id: '670a982e99223c2813adc1d25d4d32f2') in 0.107545 seconds
  Import took 0.121788 seconds .

========================================================================
Received Prepare
Registering precompiled user dll's ...
Registered in 0.006212 seconds.
Begin MonoManager ReloadAssembly
Native extension for WindowsStandalone target not found
Native extension for WebGL target not found
Refreshing native plugins compatible for Editor in 0.88 ms, found 0 plugins.
Preloading 0 native plugins for Editor in 0.00 ms.
Warning: Annotation not found!
UnityEngine.StackTraceUtility:ExtractStackTrace ()
UnityEditor.ProBuilder.EditorUtility:SetGizmoIconEnabled (System.Type,bool) (at C:/Users/letem/Documents/Cursos Unity/Cursos_Unity_2021/Shooter_/Library/PackageCache/com.unity.probuilder@5.0.3/Editor/EditorCore/EditorUtility.cs:575)
UnityEditor.ProBuilder.HierarchyListener:.cctor () (at C:/Users/letem/Documents/Cursos Unity/Cursos_Unity_2021/Shooter_/Library/PackageCache/com.unity.probuilder@5.0.3/Editor/EditorCore/HierarchyListener.cs:21)
System.Runtime.CompilerServices.RuntimeHelpers:RunClassConstructor (System.RuntimeTypeHandle)
UnityEditor.EditorAssemblies:ProcessInitializeOnLoadAttributes (System.Type[])

[C:/Users/letem/Documents/Cursos Unity/Cursos_Unity_2021/Shooter_/Library/PackageCache/com.unity.probuilder@5.0.3/Editor/EditorCore/EditorUtility.cs line 575]

Mono: successfully reloaded assembly
- Completed reload, in  2.388 seconds
Platform modules already initialized, skipping
Shader 'Universal Render Pipeline/Particles/Lit': fallback shader 'Universal Render Pipeline/Particles/SimpleLit' not found
Shader 'Universal Render Pipeline/Particles/Lit': fallback shader 'Universal Render Pipeline/Particles/SimpleLit' not found
Refreshing native plugins compatible for Editor in 0.86 ms, found 0 plugins.
Preloading 0 native plugins for Editor in 0.00 ms.
Unloading 3450 Unused Serialized files (Serialized files now loaded: 0)
System memory in use before: 183.4 MB.
System memory in use after: 181.9 MB.

Unloading 32 unused Assets to reduce memory usage. Loaded Objects now: 4190.
Total: 6.055300 ms (FindLiveObjects: 0.413300 ms CreateObjectMapping: 0.171800 ms MarkObjects: 4.181000 ms  DeleteObjects: 1.286100 ms)

========================================================================
Received Import Request.
  Time since last request: 712.903036 seconds.
  path: Assets/Prefabs/Player Variant.prefab
  artifactKey: Guid(07017c42a1a21c3439f09d21cfaac1ac) Importer(815301076,1909f56bfc062723c751e8b465ee728b)
Start importing Assets/Prefabs/Player Variant.prefab using Guid(07017c42a1a21c3439f09d21cfaac1ac) Importer(815301076,1909f56bfc062723c751e8b465ee728b)  -> (artifact id: '926097ba7a782c42c7eb2b78a72de0f8') in 0.430987 seconds
  Import took 0.446760 seconds .

========================================================================
Received Import Request.
  Time since last request: 36.124555 seconds.
  path: Assets/Prefabs/Enemy Variant.prefab
  artifactKey: Guid(3244dbf3fedea884491820e5346c8405) Importer(815301076,1909f56bfc062723c751e8b465ee728b)
Start importing Assets/Prefabs/Enemy Variant.prefab using Guid(3244dbf3fedea884491820e5346c8405) Importer(815301076,1909f56bfc062723c751e8b465ee728b)  -> (artifact id: 'ea59847bb0ec2b79ab045f48a712fc4a') in 0.115188 seconds
  Import took 0.129928 seconds .

========================================================================
Received Import Request.
  Time since last request: 10.456319 seconds.
  path: Assets/Prefabs/Enemy Variant.prefab
  artifactKey: Guid(3244dbf3fedea884491820e5346c8405) Importer(815301076,1909f56bfc062723c751e8b465ee728b)
Start importing Assets/Prefabs/Enemy Variant.prefab using Guid(3244dbf3fedea884491820e5346c8405) Importer(815301076,1909f56bfc062723c751e8b465ee728b)  -> (artifact id: 'b258827dc99ef33cc3a3c728c275b9eb') in 0.120516 seconds
  Import took 0.134862 seconds .

========================================================================
Received Prepare
Registering precompiled user dll's ...
Registered in 0.005151 seconds.
Begin MonoManager ReloadAssembly
Native extension for WindowsStandalone target not found
Native extension for WebGL target not found
Refreshing native plugins compatible for Editor in 0.95 ms, found 0 plugins.
Preloading 0 native plugins for Editor in 0.00 ms.
Warning: Annotation not found!
UnityEngine.StackTraceUtility:ExtractStackTrace ()
UnityEditor.ProBuilder.EditorUtility:SetGizmoIconEnabled (System.Type,bool) (at C:/Users/letem/Documents/Cursos Unity/Cursos_Unity_2021/Shooter_/Library/PackageCache/com.unity.probuilder@5.0.3/Editor/EditorCore/EditorUtility.cs:575)
UnityEditor.ProBuilder.HierarchyListener:.cctor () (at C:/Users/letem/Documents/Cursos Unity/Cursos_Unity_2021/Shooter_/Library/PackageCache/com.unity.probuilder@5.0.3/Editor/EditorCore/HierarchyListener.cs:21)
System.Runtime.CompilerServices.RuntimeHelpers:RunClassConstructor (System.RuntimeTypeHandle)
UnityEditor.EditorAssemblies:ProcessInitializeOnLoadAttributes (System.Type[])

[C:/Users/letem/Documents/Cursos Unity/Cursos_Unity_2021/Shooter_/Library/PackageCache/com.unity.probuilder@5.0.3/Editor/EditorCore/EditorUtility.cs line 575]

Mono: successfully reloaded assembly
- Completed reload, in  2.021 seconds
Platform modules already initialized, skipping
Shader 'Universal Render Pipeline/Particles/Lit': fallback shader 'Universal Render Pipeline/Particles/SimpleLit' not found
Shader 'Universal Render Pipeline/Particles/Lit': fallback shader 'Universal Render Pipeline/Particles/SimpleLit' not found
Refreshing native plugins compatible for Editor in 1.04 ms, found 0 plugins.
Preloading 0 native plugins for Editor in 0.00 ms.
Unloading 3450 Unused Serialized files (Serialized files now loaded: 0)
System memory in use before: 183.5 MB.
System memory in use after: 182.1 MB.

Unloading 33 unused Assets to reduce memory usage. Loaded Objects now: 4229.
Total: 6.619900 ms (FindLiveObjects: 0.468000 ms CreateObjectMapping: 0.180200 ms MarkObjects: 3.794800 ms  DeleteObjects: 2.174600 ms)

========================================================================
Received Import Request.
  Time since last request: 206.366954 seconds.
  path: Assets/Prefabs/Bala.prefab
  artifactKey: Guid(09b7ab327eb276845a9795aef40c30bc) Importer(815301076,1909f56bfc062723c751e8b465ee728b)
Start importing Assets/Prefabs/Bala.prefab using Guid(09b7ab327eb276845a9795aef40c30bc) Importer(815301076,1909f56bfc062723c751e8b465ee728b)  -> (artifact id: 'eeb3bb5ece2b7622f6666b9e17fa9f84') in 0.333202 seconds
  Import took 0.356508 seconds .

========================================================================
Received Prepare
Registering precompiled user dll's ...
Registered in 0.005572 seconds.
Begin MonoManager ReloadAssembly
Native extension for WindowsStandalone target not found
Native extension for WebGL target not found
Refreshing native plugins compatible for Editor in 0.83 ms, found 0 plugins.
Preloading 0 native plugins for Editor in 0.00 ms.
Warning: Annotation not found!
UnityEngine.StackTraceUtility:ExtractStackTrace ()
UnityEditor.ProBuilder.EditorUtility:SetGizmoIconEnabled (System.Type,bool) (at C:/Users/letem/Documents/Cursos Unity/Cursos_Unity_2021/Shooter_/Library/PackageCache/com.unity.probuilder@5.0.3/Editor/EditorCore/EditorUtility.cs:575)
UnityEditor.ProBuilder.HierarchyListener:.cctor () (at C:/Users/letem/Documents/Cursos Unity/Cursos_Unity_2021/Shooter_/Library/PackageCache/com.unity.probuilder@5.0.3/Editor/EditorCore/HierarchyListener.cs:21)
System.Runtime.CompilerServices.RuntimeHelpers:RunClassConstructor (System.RuntimeTypeHandle)
UnityEditor.EditorAssemblies:ProcessInitializeOnLoadAttributes (System.Type[])

[C:/Users/letem/Documents/Cursos Unity/Cursos_Unity_2021/Shooter_/Library/PackageCache/com.unity.probuilder@5.0.3/Editor/EditorCore/EditorUtility.cs line 575]

Mono: successfully reloaded assembly
- Completed reload, in  1.973 seconds
Platform modules already initialized, skipping
Shader 'Universal Render Pipeline/Particles/Lit': fallback shader 'Universal Render Pipeline/Particles/SimpleLit' not found
Shader 'Universal Render Pipeline/Particles/Lit': fallback shader 'Universal Render Pipeline/Particles/SimpleLit' not found
Refreshing native plugins compatible for Editor in 0.94 ms, found 0 plugins.
Preloading 0 native plugins for Editor in 0.00 ms.
Unloading 3450 Unused Serialized files (Serialized files now loaded: 0)
System memory in use before: 183.6 MB.
System memory in use after: 182.2 MB.

Unloading 32 unused Assets to reduce memory usage. Loaded Objects now: 4268.
Total: 11.022700 ms (FindLiveObjects: 0.475400 ms CreateObjectMapping: 0.187200 ms MarkObjects: 8.698400 ms  DeleteObjects: 1.657500 ms)

========================================================================
Received Prepare
Registering precompiled user dll's ...
Registered in 0.010024 seconds.
Begin MonoManager ReloadAssembly
Native extension for WindowsStandalone target not found
Native extension for WebGL target not found
Refreshing native plugins compatible for Editor in 1.10 ms, found 0 plugins.
Preloading 0 native plugins for Editor in 0.00 ms.
Warning: Annotation not found!
UnityEngine.StackTraceUtility:ExtractStackTrace ()
UnityEditor.ProBuilder.EditorUtility:SetGizmoIconEnabled (System.Type,bool) (at C:/Users/letem/Documents/Cursos Unity/Cursos_Unity_2021/Shooter_/Library/PackageCache/com.unity.probuilder@5.0.3/Editor/EditorCore/EditorUtility.cs:575)
UnityEditor.ProBuilder.HierarchyListener:.cctor () (at C:/Users/letem/Documents/Cursos Unity/Cursos_Unity_2021/Shooter_/Library/PackageCache/com.unity.probuilder@5.0.3/Editor/EditorCore/HierarchyListener.cs:21)
System.Runtime.CompilerServices.RuntimeHelpers:RunClassConstructor (System.RuntimeTypeHandle)
UnityEditor.EditorAssemblies:ProcessInitializeOnLoadAttributes (System.Type[])

[C:/Users/letem/Documents/Cursos Unity/Cursos_Unity_2021/Shooter_/Library/PackageCache/com.unity.probuilder@5.0.3/Editor/EditorCore/EditorUtility.cs line 575]

Mono: successfully reloaded assembly
- Completed reload, in  2.794 seconds
Platform modules already initialized, skipping
Shader 'Universal Render Pipeline/Particles/Lit': fallback shader 'Universal Render Pipeline/Particles/SimpleLit' not found
Shader 'Universal Render Pipeline/Particles/Lit': fallback shader 'Universal Render Pipeline/Particles/SimpleLit' not found
Refreshing native plugins compatible for Editor in 1.15 ms, found 0 plugins.
Preloading 0 native plugins for Editor in 0.00 ms.
Unloading 3450 Unused Serialized files (Serialized files now loaded: 0)
System memory in use before: 183.6 MB.
System memory in use after: 182.2 MB.

Unloading 32 unused Assets to reduce memory usage. Loaded Objects now: 4271.
Total: 8.868700 ms (FindLiveObjects: 0.480900 ms CreateObjectMapping: 0.189600 ms MarkObjects: 5.580000 ms  DeleteObjects: 2.616100 ms)

========================================================================
Received Import Request.
  Time since last request: 296.707328 seconds.
  path: Assets/Prefabs/Bala.prefab
  artifactKey: Guid(09b7ab327eb276845a9795aef40c30bc) Importer(815301076,1909f56bfc062723c751e8b465ee728b)
Start importing Assets/Prefabs/Bala.prefab using Guid(09b7ab327eb276845a9795aef40c30bc) Importer(815301076,1909f56bfc062723c751e8b465ee728b)  -> (artifact id: '234ea92faed1d353fb4a1761c4ce808a') in 0.442310 seconds
  Import took 0.478327 seconds .

========================================================================
Received Import Request.
  Time since last request: 127.133390 seconds.
  path: Assets/Prefabs/Bala.prefab
  artifactKey: Guid(09b7ab327eb276845a9795aef40c30bc) Importer(815301076,1909f56bfc062723c751e8b465ee728b)
Start importing Assets/Prefabs/Bala.prefab using Guid(09b7ab327eb276845a9795aef40c30bc) Importer(815301076,1909f56bfc062723c751e8b465ee728b)  -> (artifact id: 'd451a6eaff8c6c3a68e4ef99c5cb54e9') in 0.026598 seconds
  Import took 0.045429 seconds .

========================================================================
Received Import Request.
  Time since last request: 0.039676 seconds.
  path: Assets/Prefabs/Bala.prefab
  artifactKey: Guid(09b7ab327eb276845a9795aef40c30bc) Importer(815301076,1909f56bfc062723c751e8b465ee728b)
Start importing Assets/Prefabs/Bala.prefab using Guid(09b7ab327eb276845a9795aef40c30bc) Importer(815301076,1909f56bfc062723c751e8b465ee728b)  -> (artifact id: 'd451a6eaff8c6c3a68e4ef99c5cb54e9') in 0.014014 seconds
  Import took 0.022059 seconds .

========================================================================
Received Prepare
Registering precompiled user dll's ...
Registered in 0.005163 seconds.
Begin MonoManager ReloadAssembly
Native extension for WindowsStandalone target not found
Native extension for WebGL target not found
Refreshing native plugins compatible for Editor in 1.05 ms, found 0 plugins.
Preloading 0 native plugins for Editor in 0.00 ms.
Warning: Annotation not found!
UnityEngine.StackTraceUtility:ExtractStackTrace ()
UnityEditor.ProBuilder.EditorUtility:SetGizmoIconEnabled (System.Type,bool) (at C:/Users/letem/Documents/Cursos Unity/Cursos_Unity_2021/Shooter_/Library/PackageCache/com.unity.probuilder@5.0.3/Editor/EditorCore/EditorUtility.cs:575)
UnityEditor.ProBuilder.HierarchyListener:.cctor () (at C:/Users/letem/Documents/Cursos Unity/Cursos_Unity_2021/Shooter_/Library/PackageCache/com.unity.probuilder@5.0.3/Editor/EditorCore/HierarchyListener.cs:21)
System.Runtime.CompilerServices.RuntimeHelpers:RunClassConstructor (System.RuntimeTypeHandle)
UnityEditor.EditorAssemblies:ProcessInitializeOnLoadAttributes (System.Type[])

[C:/Users/letem/Documents/Cursos Unity/Cursos_Unity_2021/Shooter_/Library/PackageCache/com.unity.probuilder@5.0.3/Editor/EditorCore/EditorUtility.cs line 575]

Mono: successfully reloaded assembly
- Completed reload, in  2.063 seconds
Platform modules already initialized, skipping
Shader 'Universal Render Pipeline/Particles/Lit': fallback shader 'Universal Render Pipeline/Particles/SimpleLit' not found
Shader 'Universal Render Pipeline/Particles/Lit': fallback shader 'Universal Render Pipeline/Particles/SimpleLit' not found
Refreshing native plugins compatible for Editor in 1.87 ms, found 0 plugins.
Preloading 0 native plugins for Editor in 0.00 ms.
Unloading 3450 Unused Serialized files (Serialized files now loaded: 0)
System memory in use before: 183.8 MB.
System memory in use after: 182.3 MB.

Unloading 32 unused Assets to reduce memory usage. Loaded Objects now: 4310.
Total: 15.754100 ms (FindLiveObjects: 0.756500 ms CreateObjectMapping: 2.434700 ms MarkObjects: 9.549300 ms  DeleteObjects: 3.011100 ms)

========================================================================
Received Import Request.
  Time since last request: 82.141805 seconds.
  path: Assets/Prefabs/Bala.prefab
  artifactKey: Guid(09b7ab327eb276845a9795aef40c30bc) Importer(815301076,1909f56bfc062723c751e8b465ee728b)
Start importing Assets/Prefabs/Bala.prefab using Guid(09b7ab327eb276845a9795aef40c30bc) Importer(815301076,1909f56bfc062723c751e8b465ee728b)  -> (artifact id: '7f1e79f9886df008fed7c6a058c6e3ae') in 0.397322 seconds
  Import took 0.436160 seconds .

========================================================================
Received Import Request.
  Time since last request: 8.205257 seconds.
  path: Assets/Prefabs/Bala.prefab
  artifactKey: Guid(09b7ab327eb276845a9795aef40c30bc) Importer(815301076,1909f56bfc062723c751e8b465ee728b)
Start importing Assets/Prefabs/Bala.prefab using Guid(09b7ab327eb276845a9795aef40c30bc) Importer(815301076,1909f56bfc062723c751e8b465ee728b)  -> (artifact id: 'e7ba57f909a9171b1f4b44e0e9d4a2c3') in 0.039555 seconds
  Import took 0.048017 seconds .

========================================================================
Received Import Request.
  Time since last request: 3.029864 seconds.
  path: Assets/Prefabs/Bala.prefab
  artifactKey: Guid(09b7ab327eb276845a9795aef40c30bc) Importer(815301076,1909f56bfc062723c751e8b465ee728b)
Start importing Assets/Prefabs/Bala.prefab using Guid(09b7ab327eb276845a9795aef40c30bc) Importer(815301076,1909f56bfc062723c751e8b465ee728b)  -> (artifact id: '861decd923b39208ecf1d35cb16ba258') in 0.015055 seconds
  Import took 0.032157 seconds .

========================================================================
Received Import Request.
  Time since last request: 3.204794 seconds.
  path: Assets/Prefabs/Bala.prefab
  artifactKey: Guid(09b7ab327eb276845a9795aef40c30bc) Importer(815301076,1909f56bfc062723c751e8b465ee728b)
Start importing Assets/Prefabs/Bala.prefab using Guid(09b7ab327eb276845a9795aef40c30bc) Importer(815301076,1909f56bfc062723c751e8b465ee728b)  -> (artifact id: '0a2059288d63f164eb23b54352a4bdb6') in 0.015968 seconds
  Import took 0.041707 seconds .

========================================================================
Received Import Request.
  Time since last request: 28.930315 seconds.
  path: Assets/Prefabs/Bala.prefab
  artifactKey: Guid(09b7ab327eb276845a9795aef40c30bc) Importer(815301076,1909f56bfc062723c751e8b465ee728b)
Start importing Assets/Prefabs/Bala.prefab using Guid(09b7ab327eb276845a9795aef40c30bc) Importer(815301076,1909f56bfc062723c751e8b465ee728b)  -> (artifact id: '42b66978ee65de5f0e571156a6d48207') in 0.015660 seconds
  Import took 0.047369 seconds .

========================================================================
Received Import Request.
  Time since last request: 3.399372 seconds.
  path: Assets/Prefabs/Bala.prefab
  artifactKey: Guid(09b7ab327eb276845a9795aef40c30bc) Importer(815301076,1909f56bfc062723c751e8b465ee728b)
Start importing Assets/Prefabs/Bala.prefab using Guid(09b7ab327eb276845a9795aef40c30bc) Importer(815301076,1909f56bfc062723c751e8b465ee728b)  -> (artifact id: '41fa3fd19cf398d86c004fb217619368') in 0.014238 seconds
  Import took 0.022275 seconds .

========================================================================
Received Import Request.
  Time since last request: 32.575297 seconds.
  path: Assets/Prefabs/Bala.prefab
  artifactKey: Guid(09b7ab327eb276845a9795aef40c30bc) Importer(815301076,1909f56bfc062723c751e8b465ee728b)
Start importing Assets/Prefabs/Bala.prefab using Guid(09b7ab327eb276845a9795aef40c30bc) Importer(815301076,1909f56bfc062723c751e8b465ee728b)  -> (artifact id: 'b1169a77d19b7076c21a19b9af8582f5') in 0.144150 seconds
  Import took 0.192486 seconds .

========================================================================
Received Prepare
Registering precompiled user dll's ...
Registered in 0.005945 seconds.
Begin MonoManager ReloadAssembly
Native extension for WindowsStandalone target not found
Native extension for WebGL target not found
Refreshing native plugins compatible for Editor in 0.87 ms, found 0 plugins.
Preloading 0 native plugins for Editor in 0.00 ms.
Warning: Annotation not found!
UnityEngine.StackTraceUtility:ExtractStackTrace ()
UnityEditor.ProBuilder.EditorUtility:SetGizmoIconEnabled (System.Type,bool) (at C:/Users/letem/Documents/Cursos Unity/Cursos_Unity_2021/Shooter_/Library/PackageCache/com.unity.probuilder@5.0.3/Editor/EditorCore/EditorUtility.cs:575)
UnityEditor.ProBuilder.HierarchyListener:.cctor () (at C:/Users/letem/Documents/Cursos Unity/Cursos_Unity_2021/Shooter_/Library/PackageCache/com.unity.probuilder@5.0.3/Editor/EditorCore/HierarchyListener.cs:21)
System.Runtime.CompilerServices.RuntimeHelpers:RunClassConstructor (System.RuntimeTypeHandle)
UnityEditor.EditorAssemblies:ProcessInitializeOnLoadAttributes (System.Type[])

[C:/Users/letem/Documents/Cursos Unity/Cursos_Unity_2021/Shooter_/Library/PackageCache/com.unity.probuilder@5.0.3/Editor/EditorCore/EditorUtility.cs line 575]

Mono: successfully reloaded assembly
- Completed reload, in  2.075 seconds
Platform modules already initialized, skipping
Shader 'Universal Render Pipeline/Particles/Lit': fallback shader 'Universal Render Pipeline/Particles/SimpleLit' not found
Shader 'Universal Render Pipeline/Particles/Lit': fallback shader 'Universal Render Pipeline/Particles/SimpleLit' not found
Refreshing native plugins compatible for Editor in 1.25 ms, found 0 plugins.
Preloading 0 native plugins for Editor in 0.00 ms.
Unloading 3450 Unused Serialized files (Serialized files now loaded: 0)
System memory in use before: 183.9 MB.
System memory in use after: 182.5 MB.

Unloading 32 unused Assets to reduce memory usage. Loaded Objects now: 4349.
Total: 10.230800 ms (FindLiveObjects: 0.560000 ms CreateObjectMapping: 0.196700 ms MarkObjects: 6.222900 ms  DeleteObjects: 3.248500 ms)

========================================================================
Received Import Request.
  Time since last request: 130.829458 seconds.
  path: Assets/Prefabs/Enemy Variant.prefab
  artifactKey: Guid(3244dbf3fedea884491820e5346c8405) Importer(815301076,1909f56bfc062723c751e8b465ee728b)
Start importing Assets/Prefabs/Enemy Variant.prefab using Guid(3244dbf3fedea884491820e5346c8405) Importer(815301076,1909f56bfc062723c751e8b465ee728b)  -> (artifact id: '178c032436d86c4db41142c82a656fd5') in 1.175279 seconds
  Import took 1.220127 seconds .

========================================================================
Received Prepare
Registering precompiled user dll's ...
Registered in 0.005963 seconds.
Begin MonoManager ReloadAssembly
Native extension for WindowsStandalone target not found
Native extension for WebGL target not found
Refreshing native plugins compatible for Editor in 0.88 ms, found 0 plugins.
Preloading 0 native plugins for Editor in 0.00 ms.
Warning: Annotation not found!
UnityEngine.StackTraceUtility:ExtractStackTrace ()
UnityEditor.ProBuilder.EditorUtility:SetGizmoIconEnabled (System.Type,bool) (at C:/Users/letem/Documents/Cursos Unity/Cursos_Unity_2021/Shooter_/Library/PackageCache/com.unity.probuilder@5.0.3/Editor/EditorCore/EditorUtility.cs:575)
UnityEditor.ProBuilder.HierarchyListener:.cctor () (at C:/Users/letem/Documents/Cursos Unity/Cursos_Unity_2021/Shooter_/Library/PackageCache/com.unity.probuilder@5.0.3/Editor/EditorCore/HierarchyListener.cs:21)
System.Runtime.CompilerServices.RuntimeHelpers:RunClassConstructor (System.RuntimeTypeHandle)
UnityEditor.EditorAssemblies:ProcessInitializeOnLoadAttributes (System.Type[])

[C:/Users/letem/Documents/Cursos Unity/Cursos_Unity_2021/Shooter_/Library/PackageCache/com.unity.probuilder@5.0.3/Editor/EditorCore/EditorUtility.cs line 575]

Mono: successfully reloaded assembly
- Completed reload, in  2.089 seconds
Platform modules already initialized, skipping
Shader 'Universal Render Pipeline/Particles/Lit': fallback shader 'Universal Render Pipeline/Particles/SimpleLit' not found
Shader 'Universal Render Pipeline/Particles/Lit': fallback shader 'Universal Render Pipeline/Particles/SimpleLit' not found
Refreshing native plugins compatible for Editor in 0.91 ms, found 0 plugins.
Preloading 0 native plugins for Editor in 0.00 ms.
Unloading 3450 Unused Serialized files (Serialized files now loaded: 0)
System memory in use before: 184.0 MB.
System memory in use after: 182.6 MB.

Unloading 32 unused Assets to reduce memory usage. Loaded Objects now: 4388.
Total: 13.641200 ms (FindLiveObjects: 1.675200 ms CreateObjectMapping: 1.120200 ms MarkObjects: 9.296100 ms  DeleteObjects: 1.546500 ms)

========================================================================
Received Import Request.
  Time since last request: 337.554406 seconds.
  path: Assets/Prefabs/Bala.prefab
  artifactKey: Guid(09b7ab327eb276845a9795aef40c30bc) Importer(815301076,1909f56bfc062723c751e8b465ee728b)
Start importing Assets/Prefabs/Bala.prefab using Guid(09b7ab327eb276845a9795aef40c30bc) Importer(815301076,1909f56bfc062723c751e8b465ee728b)  -> (artifact id: 'eabb5c5d55e2aca5a79b003ae11e944c') in 0.373138 seconds
  Import took 0.916374 seconds .

========================================================================
Received Prepare
Registering precompiled user dll's ...
Registered in 0.005206 seconds.
Begin MonoManager ReloadAssembly
Native extension for WindowsStandalone target not found
Native extension for WebGL target not found
Refreshing native plugins compatible for Editor in 0.83 ms, found 0 plugins.
Preloading 0 native plugins for Editor in 0.00 ms.
Warning: Annotation not found!
UnityEngine.StackTraceUtility:ExtractStackTrace ()
UnityEditor.ProBuilder.EditorUtility:SetGizmoIconEnabled (System.Type,bool) (at C:/Users/letem/Documents/Cursos Unity/Cursos_Unity_2021/Shooter_/Library/PackageCache/com.unity.probuilder@5.0.3/Editor/EditorCore/EditorUtility.cs:575)
UnityEditor.ProBuilder.HierarchyListener:.cctor () (at C:/Users/letem/Documents/Cursos Unity/Cursos_Unity_2021/Shooter_/Library/PackageCache/com.unity.probuilder@5.0.3/Editor/EditorCore/HierarchyListener.cs:21)
System.Runtime.CompilerServices.RuntimeHelpers:RunClassConstructor (System.RuntimeTypeHandle)
UnityEditor.EditorAssemblies:ProcessInitializeOnLoadAttributes (System.Type[])

[C:/Users/letem/Documents/Cursos Unity/Cursos_Unity_2021/Shooter_/Library/PackageCache/com.unity.probuilder@5.0.3/Editor/EditorCore/EditorUtility.cs line 575]

Mono: successfully reloaded assembly
- Completed reload, in  1.941 seconds
Platform modules already initialized, skipping
Shader 'Universal Render Pipeline/Particles/Lit': fallback shader 'Universal Render Pipeline/Particles/SimpleLit' not found
Shader 'Universal Render Pipeline/Particles/Lit': fallback shader 'Universal Render Pipeline/Particles/SimpleLit' not found
Refreshing native plugins compatible for Editor in 0.87 ms, found 0 plugins.
Preloading 0 native plugins for Editor in 0.00 ms.
Unloading 3450 Unused Serialized files (Serialized files now loaded: 0)
System memory in use before: 184.1 MB.
System memory in use after: 182.7 MB.

Unloading 32 unused Assets to reduce memory usage. Loaded Objects now: 4427.
Total: 12.213700 ms (FindLiveObjects: 0.440100 ms CreateObjectMapping: 0.192300 ms MarkObjects: 10.065300 ms  DeleteObjects: 1.513300 ms)

========================================================================
Received Import Request.
  Time since last request: 94.366552 seconds.
  path: Assets/Prefabs/Enemy Variant.prefab
  artifactKey: Guid(3244dbf3fedea884491820e5346c8405) Importer(815301076,1909f56bfc062723c751e8b465ee728b)
Start importing Assets/Prefabs/Enemy Variant.prefab using Guid(3244dbf3fedea884491820e5346c8405) Importer(815301076,1909f56bfc062723c751e8b465ee728b)  -> (artifact id: '33a01d8d54ec0db137669083d667b57c') in 2.145385 seconds
  Import took 2.160021 seconds .

========================================================================
Received Import Request.
  Time since last request: 147.629410 seconds.
  path: Assets/Prefabs/Bala.prefab
  artifactKey: Guid(09b7ab327eb276845a9795aef40c30bc) Importer(815301076,1909f56bfc062723c751e8b465ee728b)
Start importing Assets/Prefabs/Bala.prefab using Guid(09b7ab327eb276845a9795aef40c30bc) Importer(815301076,1909f56bfc062723c751e8b465ee728b)  -> (artifact id: '916627c60df2e3bd8f0609efae43a244') in 0.017282 seconds
  Import took 0.040299 seconds .

========================================================================
Received Import Request.
  Time since last request: 0.013944 seconds.
  path: Assets/Prefabs/Bala.prefab
  artifactKey: Guid(09b7ab327eb276845a9795aef40c30bc) Importer(815301076,1909f56bfc062723c751e8b465ee728b)
Start importing Assets/Prefabs/Bala.prefab using Guid(09b7ab327eb276845a9795aef40c30bc) Importer(815301076,1909f56bfc062723c751e8b465ee728b)  -> (artifact id: '916627c60df2e3bd8f0609efae43a244') in 0.014009 seconds
  Import took 0.021487 seconds .

========================================================================
Received Prepare
Registering precompiled user dll's ...
Registered in 0.005701 seconds.
Begin MonoManager ReloadAssembly
Native extension for WindowsStandalone target not found
Native extension for WebGL target not found
Refreshing native plugins compatible for Editor in 0.99 ms, found 0 plugins.
Preloading 0 native plugins for Editor in 0.00 ms.
Warning: Annotation not found!
UnityEngine.StackTraceUtility:ExtractStackTrace ()
UnityEditor.ProBuilder.EditorUtility:SetGizmoIconEnabled (System.Type,bool) (at C:/Users/letem/Documents/Cursos Unity/Cursos_Unity_2021/Shooter_/Library/PackageCache/com.unity.probuilder@5.0.3/Editor/EditorCore/EditorUtility.cs:575)
UnityEditor.ProBuilder.HierarchyListener:.cctor () (at C:/Users/letem/Documents/Cursos Unity/Cursos_Unity_2021/Shooter_/Library/PackageCache/com.unity.probuilder@5.0.3/Editor/EditorCore/HierarchyListener.cs:21)
System.Runtime.CompilerServices.RuntimeHelpers:RunClassConstructor (System.RuntimeTypeHandle)
UnityEditor.EditorAssemblies:ProcessInitializeOnLoadAttributes (System.Type[])

[C:/Users/letem/Documents/Cursos Unity/Cursos_Unity_2021/Shooter_/Library/PackageCache/com.unity.probuilder@5.0.3/Editor/EditorCore/EditorUtility.cs line 575]

Mono: successfully reloaded assembly
- Completed reload, in  1.842 seconds
Platform modules already initialized, skipping
Shader 'Universal Render Pipeline/Particles/Lit': fallback shader 'Universal Render Pipeline/Particles/SimpleLit' not found
Shader 'Universal Render Pipeline/Particles/Lit': fallback shader 'Universal Render Pipeline/Particles/SimpleLit' not found
Refreshing native plugins compatible for Editor in 0.90 ms, found 0 plugins.
Preloading 0 native plugins for Editor in 0.00 ms.
Unloading 3450 Unused Serialized files (Serialized files now loaded: 0)
System memory in use before: 184.2 MB.
System memory in use after: 182.8 MB.

Unloading 32 unused Assets to reduce memory usage. Loaded Objects now: 4466.
Total: 5.489900 ms (FindLiveObjects: 0.447400 ms CreateObjectMapping: 0.165800 ms MarkObjects: 3.601800 ms  DeleteObjects: 1.268200 ms)

========================================================================
Received Import Request.
  Time since last request: 120.729525 seconds.
  path: Assets/Prefabs/Bala.prefab
  artifactKey: Guid(09b7ab327eb276845a9795aef40c30bc) Importer(815301076,1909f56bfc062723c751e8b465ee728b)
Start importing Assets/Prefabs/Bala.prefab using Guid(09b7ab327eb276845a9795aef40c30bc) Importer(815301076,1909f56bfc062723c751e8b465ee728b)  -> (artifact id: '1c653de8569e7961d9afeb0d05eeeb3a') in 0.239445 seconds
  Import took 0.275328 seconds .

========================================================================
Received Import Request.
  Time since last request: 0.024508 seconds.
  path: Assets/Prefabs/Bala.prefab
  artifactKey: Guid(09b7ab327eb276845a9795aef40c30bc) Importer(815301076,1909f56bfc062723c751e8b465ee728b)
Start importing Assets/Prefabs/Bala.prefab using Guid(09b7ab327eb276845a9795aef40c30bc) Importer(815301076,1909f56bfc062723c751e8b465ee728b)  -> (artifact id: '3a143ccf407f9eae6feaa36f10bc3b2d') in 0.014643 seconds
  Import took 0.022317 seconds .

========================================================================
Received Import Request.
  Time since last request: 158.568383 seconds.
  path: Assets/Prefabs/Enemy Variant.prefab
  artifactKey: Guid(3244dbf3fedea884491820e5346c8405) Importer(815301076,1909f56bfc062723c751e8b465ee728b)
Start importing Assets/Prefabs/Enemy Variant.prefab using Guid(3244dbf3fedea884491820e5346c8405) Importer(815301076,1909f56bfc062723c751e8b465ee728b)  -> (artifact id: '701b58f1d1b0de852a73b2dd6edec0b2') in 0.132659 seconds
  Import took 0.148843 seconds .

========================================================================
Received Import Request.
  Time since last request: 8.309079 seconds.
  path: Assets/Prefabs/Enemy Variant.prefab
  artifactKey: Guid(3244dbf3fedea884491820e5346c8405) Importer(815301076,1909f56bfc062723c751e8b465ee728b)
Start importing Assets/Prefabs/Enemy Variant.prefab using Guid(3244dbf3fedea884491820e5346c8405) Importer(815301076,1909f56bfc062723c751e8b465ee728b)  -> (artifact id: '87d9b72974bac50e93a0de0a14498208') in 0.107312 seconds
  Import took 0.141416 seconds .

========================================================================
Received Import Request.
  Time since last request: 13.144223 seconds.
  path: Assets/Prefabs/Enemy Variant.prefab
  artifactKey: Guid(3244dbf3fedea884491820e5346c8405) Importer(815301076,1909f56bfc062723c751e8b465ee728b)
Start importing Assets/Prefabs/Enemy Variant.prefab using Guid(3244dbf3fedea884491820e5346c8405) Importer(815301076,1909f56bfc062723c751e8b465ee728b)  -> (artifact id: 'c8001cfe144b22936131c02b5bbd72cb') in 0.090611 seconds
  Import took 0.104364 seconds .

========================================================================
Received Prepare
Registering precompiled user dll's ...
Registered in 0.005080 seconds.
Begin MonoManager ReloadAssembly
Native extension for WindowsStandalone target not found
Native extension for WebGL target not found
Refreshing native plugins compatible for Editor in 0.87 ms, found 0 plugins.
Preloading 0 native plugins for Editor in 0.00 ms.
Warning: Annotation not found!
UnityEngine.StackTraceUtility:ExtractStackTrace ()
UnityEditor.ProBuilder.EditorUtility:SetGizmoIconEnabled (System.Type,bool) (at C:/Users/letem/Documents/Cursos Unity/Cursos_Unity_2021/Shooter_/Library/PackageCache/com.unity.probuilder@5.0.3/Editor/EditorCore/EditorUtility.cs:575)
UnityEditor.ProBuilder.HierarchyListener:.cctor () (at C:/Users/letem/Documents/Cursos Unity/Cursos_Unity_2021/Shooter_/Library/PackageCache/com.unity.probuilder@5.0.3/Editor/EditorCore/HierarchyListener.cs:21)
System.Runtime.CompilerServices.RuntimeHelpers:RunClassConstructor (System.RuntimeTypeHandle)
UnityEditor.EditorAssemblies:ProcessInitializeOnLoadAttributes (System.Type[])

[C:/Users/letem/Documents/Cursos Unity/Cursos_Unity_2021/Shooter_/Library/PackageCache/com.unity.probuilder@5.0.3/Editor/EditorCore/EditorUtility.cs line 575]

Mono: successfully reloaded assembly
- Completed reload, in  1.844 seconds
Platform modules already initialized, skipping
Shader 'Universal Render Pipeline/Particles/Lit': fallback shader 'Universal Render Pipeline/Particles/SimpleLit' not found
Shader 'Universal Render Pipeline/Particles/Lit': fallback shader 'Universal Render Pipeline/Particles/SimpleLit' not found
Refreshing native plugins compatible for Editor in 1.09 ms, found 0 plugins.
Preloading 0 native plugins for Editor in 0.00 ms.
Unloading 3450 Unused Serialized files (Serialized files now loaded: 0)
System memory in use before: 184.4 MB.
System memory in use after: 183.0 MB.

Unloading 32 unused Assets to reduce memory usage. Loaded Objects now: 4505.
Total: 12.413600 ms (FindLiveObjects: 0.863400 ms CreateObjectMapping: 0.635300 ms MarkObjects: 8.330400 ms  DeleteObjects: 2.582300 ms)

========================================================================
Received Import Request.
  Time since last request: 261.789046 seconds.
  path: ProjectSettings/TagManager.asset
  artifactKey: Guid(00000000000000003000000000000000) Importer(815301076,1909f56bfc062723c751e8b465ee728b)
Start importing ProjectSettings/TagManager.asset using Guid(00000000000000003000000000000000) Importer(815301076,1909f56bfc062723c751e8b465ee728b)  -> (artifact id: '8e274447ed201df091c7a74f7a865e17') in 0.033665 seconds
  Import took 0.058791 seconds .

========================================================================
Received Prepare
Registering precompiled user dll's ...
Registered in 0.006053 seconds.
Begin MonoManager ReloadAssembly
Native extension for WindowsStandalone target not found
Native extension for WebGL target not found
Refreshing native plugins compatible for Editor in 0.86 ms, found 0 plugins.
Preloading 0 native plugins for Editor in 0.00 ms.
Warning: Annotation not found!
UnityEngine.StackTraceUtility:ExtractStackTrace ()
UnityEditor.ProBuilder.EditorUtility:SetGizmoIconEnabled (System.Type,bool) (at C:/Users/letem/Documents/Cursos Unity/Cursos_Unity_2021/Shooter_/Library/PackageCache/com.unity.probuilder@5.0.3/Editor/EditorCore/EditorUtility.cs:575)
UnityEditor.ProBuilder.HierarchyListener:.cctor () (at C:/Users/letem/Documents/Cursos Unity/Cursos_Unity_2021/Shooter_/Library/PackageCache/com.unity.probuilder@5.0.3/Editor/EditorCore/HierarchyListener.cs:21)
System.Runtime.CompilerServices.RuntimeHelpers:RunClassConstructor (System.RuntimeTypeHandle)
UnityEditor.EditorAssemblies:ProcessInitializeOnLoadAttributes (System.Type[])

[C:/Users/letem/Documents/Cursos Unity/Cursos_Unity_2021/Shooter_/Library/PackageCache/com.unity.probuilder@5.0.3/Editor/EditorCore/EditorUtility.cs line 575]

Mono: successfully reloaded assembly
- Completed reload, in  2.096 seconds
Platform modules already initialized, skipping
Shader 'Universal Render Pipeline/Particles/Lit': fallback shader 'Universal Render Pipeline/Particles/SimpleLit' not found
Shader 'Universal Render Pipeline/Particles/Lit': fallback shader 'Universal Render Pipeline/Particles/SimpleLit' not found
Refreshing native plugins compatible for Editor in 0.89 ms, found 0 plugins.
Preloading 0 native plugins for Editor in 0.00 ms.
Unloading 3450 Unused Serialized files (Serialized files now loaded: 0)
System memory in use before: 184.4 MB.
System memory in use after: 183.0 MB.

Unloading 33 unused Assets to reduce memory usage. Loaded Objects now: 4508.
Total: 7.846100 ms (FindLiveObjects: 0.568200 ms CreateObjectMapping: 0.240600 ms MarkObjects: 5.067300 ms  DeleteObjects: 1.967700 ms)

========================================================================
Received Import Request.
  Time since last request: 60.946438 seconds.
  path: Assets/Prefabs/Player Variant.prefab
  artifactKey: Guid(07017c42a1a21c3439f09d21cfaac1ac) Importer(815301076,1909f56bfc062723c751e8b465ee728b)
Start importing Assets/Prefabs/Player Variant.prefab using Guid(07017c42a1a21c3439f09d21cfaac1ac) Importer(815301076,1909f56bfc062723c751e8b465ee728b)  -> (artifact id: 'd3c3582cf68827582c8aec7ba3b9b22c') in 0.419028 seconds
  Import took 0.434617 seconds .

========================================================================
Received Import Request.
  Time since last request: 0.000636 seconds.
  path: Assets/Prefabs/Enemy Variant.prefab
  artifactKey: Guid(3244dbf3fedea884491820e5346c8405) Importer(815301076,1909f56bfc062723c751e8b465ee728b)
Start importing Assets/Prefabs/Enemy Variant.prefab using Guid(3244dbf3fedea884491820e5346c8405) Importer(815301076,1909f56bfc062723c751e8b465ee728b)  -> (artifact id: '3d93a964ee63a03f4353379b8327db77') in 0.118210 seconds
  Import took 0.147036 seconds .

========================================================================
Received Prepare
Registering precompiled user dll's ...
Registered in 0.005345 seconds.
Begin MonoManager ReloadAssembly
Native extension for WindowsStandalone target not found
Native extension for WebGL target not found
Refreshing native plugins compatible for Editor in 1.28 ms, found 0 plugins.
Preloading 0 native plugins for Editor in 0.00 ms.
Warning: Annotation not found!
UnityEngine.StackTraceUtility:ExtractStackTrace ()
UnityEditor.ProBuilder.EditorUtility:SetGizmoIconEnabled (System.Type,bool) (at C:/Users/letem/Documents/Cursos Unity/Cursos_Unity_2021/Shooter_/Library/PackageCache/com.unity.probuilder@5.0.3/Editor/EditorCore/EditorUtility.cs:575)
UnityEditor.ProBuilder.HierarchyListener:.cctor () (at C:/Users/letem/Documents/Cursos Unity/Cursos_Unity_2021/Shooter_/Library/PackageCache/com.unity.probuilder@5.0.3/Editor/EditorCore/HierarchyListener.cs:21)
System.Runtime.CompilerServices.RuntimeHelpers:RunClassConstructor (System.RuntimeTypeHandle)
UnityEditor.EditorAssemblies:ProcessInitializeOnLoadAttributes (System.Type[])

[C:/Users/letem/Documents/Cursos Unity/Cursos_Unity_2021/Shooter_/Library/PackageCache/com.unity.probuilder@5.0.3/Editor/EditorCore/EditorUtility.cs line 575]

Mono: successfully reloaded assembly
- Completed reload, in  2.091 seconds
Platform modules already initialized, skipping
Shader 'Universal Render Pipeline/Particles/Lit': fallback shader 'Universal Render Pipeline/Particles/SimpleLit' not found
Shader 'Universal Render Pipeline/Particles/Lit': fallback shader 'Universal Render Pipeline/Particles/SimpleLit' not found
Refreshing native plugins compatible for Editor in 1.01 ms, found 0 plugins.
Preloading 0 native plugins for Editor in 0.00 ms.
Unloading 3450 Unused Serialized files (Serialized files now loaded: 0)
System memory in use before: 184.6 MB.
System memory in use after: 183.1 MB.

Unloading 33 unused Assets to reduce memory usage. Loaded Objects now: 4547.
Total: 9.740900 ms (FindLiveObjects: 0.711000 ms CreateObjectMapping: 0.829900 ms MarkObjects: 6.086500 ms  DeleteObjects: 2.110700 ms)

========================================================================
Received Prepare
Registering precompiled user dll's ...
Registered in 0.006178 seconds.
Begin MonoManager ReloadAssembly
Native extension for WindowsStandalone target not found
Native extension for WebGL target not found
Refreshing native plugins compatible for Editor in 0.93 ms, found 0 plugins.
Preloading 0 native plugins for Editor in 0.00 ms.
Warning: Annotation not found!
UnityEngine.StackTraceUtility:ExtractStackTrace ()
UnityEditor.ProBuilder.EditorUtility:SetGizmoIconEnabled (System.Type,bool) (at C:/Users/letem/Documents/Cursos Unity/Cursos_Unity_2021/Shooter_/Library/PackageCache/com.unity.probuilder@5.0.3/Editor/EditorCore/EditorUtility.cs:575)
UnityEditor.ProBuilder.HierarchyListener:.cctor () (at C:/Users/letem/Documents/Cursos Unity/Cursos_Unity_2021/Shooter_/Library/PackageCache/com.unity.probuilder@5.0.3/Editor/EditorCore/HierarchyListener.cs:21)
System.Runtime.CompilerServices.RuntimeHelpers:RunClassConstructor (System.RuntimeTypeHandle)
UnityEditor.EditorAssemblies:ProcessInitializeOnLoadAttributes (System.Type[])

[C:/Users/letem/Documents/Cursos Unity/Cursos_Unity_2021/Shooter_/Library/PackageCache/com.unity.probuilder@5.0.3/Editor/EditorCore/EditorUtility.cs line 575]

Mono: successfully reloaded assembly
- Completed reload, in  2.035 seconds
Platform modules already initialized, skipping
Shader 'Universal Render Pipeline/Particles/Lit': fallback shader 'Universal Render Pipeline/Particles/SimpleLit' not found
Shader 'Universal Render Pipeline/Particles/Lit': fallback shader 'Universal Render Pipeline/Particles/SimpleLit' not found
Refreshing native plugins compatible for Editor in 0.90 ms, found 0 plugins.
Preloading 0 native plugins for Editor in 0.00 ms.
Unloading 3450 Unused Serialized files (Serialized files now loaded: 0)
System memory in use before: 184.6 MB.
System memory in use after: 183.2 MB.

Unloading 32 unused Assets to reduce memory usage. Loaded Objects now: 4550.
Total: 6.259600 ms (FindLiveObjects: 0.432100 ms CreateObjectMapping: 0.179300 ms MarkObjects: 4.305800 ms  DeleteObjects: 1.340400 ms)

========================================================================
Received Prepare
Registering precompiled user dll's ...
Registered in 0.006327 seconds.
Begin MonoManager ReloadAssembly
Native extension for WindowsStandalone target not found
Native extension for WebGL target not found
Refreshing native plugins compatible for Editor in 0.91 ms, found 0 plugins.
Preloading 0 native plugins for Editor in 0.00 ms.
Warning: Annotation not found!
UnityEngine.StackTraceUtility:ExtractStackTrace ()
UnityEditor.ProBuilder.EditorUtility:SetGizmoIconEnabled (System.Type,bool) (at C:/Users/letem/Documents/Cursos Unity/Cursos_Unity_2021/Shooter_/Library/PackageCache/com.unity.probuilder@5.0.3/Editor/EditorCore/EditorUtility.cs:575)
UnityEditor.ProBuilder.HierarchyListener:.cctor () (at C:/Users/letem/Documents/Cursos Unity/Cursos_Unity_2021/Shooter_/Library/PackageCache/com.unity.probuilder@5.0.3/Editor/EditorCore/HierarchyListener.cs:21)
System.Runtime.CompilerServices.RuntimeHelpers:RunClassConstructor (System.RuntimeTypeHandle)
UnityEditor.EditorAssemblies:ProcessInitializeOnLoadAttributes (System.Type[])

[C:/Users/letem/Documents/Cursos Unity/Cursos_Unity_2021/Shooter_/Library/PackageCache/com.unity.probuilder@5.0.3/Editor/EditorCore/EditorUtility.cs line 575]

Mono: successfully reloaded assembly
- Completed reload, in  2.002 seconds
Platform modules already initialized, skipping
Shader 'Universal Render Pipeline/Particles/Lit': fallback shader 'Universal Render Pipeline/Particles/SimpleLit' not found
Shader 'Universal Render Pipeline/Particles/Lit': fallback shader 'Universal Render Pipeline/Particles/SimpleLit' not found
Refreshing native plugins compatible for Editor in 0.95 ms, found 0 plugins.
Preloading 0 native plugins for Editor in 0.00 ms.
Unloading 3450 Unused Serialized files (Serialized files now loaded: 0)
System memory in use before: 184.6 MB.
System memory in use after: 183.2 MB.

Unloading 32 unused Assets to reduce memory usage. Loaded Objects now: 4553.
Total: 8.137800 ms (FindLiveObjects: 0.514200 ms CreateObjectMapping: 0.254900 ms MarkObjects: 5.697300 ms  DeleteObjects: 1.668800 ms)

========================================================================
Received Import Request.
  Time since last request: 546.835706 seconds.
  path: Assets/Prefabs/Enemy Variant.prefab
  artifactKey: Guid(3244dbf3fedea884491820e5346c8405) Importer(815301076,1909f56bfc062723c751e8b465ee728b)
Start importing Assets/Prefabs/Enemy Variant.prefab using Guid(3244dbf3fedea884491820e5346c8405) Importer(815301076,1909f56bfc062723c751e8b465ee728b)  -> (artifact id: 'a6b9efeb9548408526f03b39e9f16994') in 0.633256 seconds
  Import took 0.667129 seconds .

========================================================================
Received Import Request.
  Time since last request: 330.116734 seconds.
  path: Assets/_Scripts/GameOver.cs
  artifactKey: Guid(84792e871487dfd4188d086f8d1d2f2f) Importer(815301076,1909f56bfc062723c751e8b465ee728b)
Start importing Assets/_Scripts/GameOver.cs using Guid(84792e871487dfd4188d086f8d1d2f2f) Importer(815301076,1909f56bfc062723c751e8b465ee728b)  -> (artifact id: '9f7d24c62effc49b828a148f4d8fc3a0') in 0.128987 seconds
  Import took 0.175160 seconds .

========================================================================
Received Prepare
Registering precompiled user dll's ...
Registered in 0.005321 seconds.
Begin MonoManager ReloadAssembly
Native extension for WindowsStandalone target not found
Native extension for WebGL target not found
Refreshing native plugins compatible for Editor in 0.92 ms, found 0 plugins.
Preloading 0 native plugins for Editor in 0.00 ms.
Warning: Annotation not found!
UnityEngine.StackTraceUtility:ExtractStackTrace ()
UnityEditor.ProBuilder.EditorUtility:SetGizmoIconEnabled (System.Type,bool) (at C:/Users/letem/Documents/Cursos Unity/Cursos_Unity_2021/Shooter_/Library/PackageCache/com.unity.probuilder@5.0.3/Editor/EditorCore/EditorUtility.cs:575)
UnityEditor.ProBuilder.HierarchyListener:.cctor () (at C:/Users/letem/Documents/Cursos Unity/Cursos_Unity_2021/Shooter_/Library/PackageCache/com.unity.probuilder@5.0.3/Editor/EditorCore/HierarchyListener.cs:21)
System.Runtime.CompilerServices.RuntimeHelpers:RunClassConstructor (System.RuntimeTypeHandle)
UnityEditor.EditorAssemblies:ProcessInitializeOnLoadAttributes (System.Type[])

[C:/Users/letem/Documents/Cursos Unity/Cursos_Unity_2021/Shooter_/Library/PackageCache/com.unity.probuilder@5.0.3/Editor/EditorCore/EditorUtility.cs line 575]

Mono: successfully reloaded assembly
- Completed reload, in  2.386 seconds
Platform modules already initialized, skipping
Shader 'Universal Render Pipeline/Particles/Lit': fallback shader 'Universal Render Pipeline/Particles/SimpleLit' not found
Shader 'Universal Render Pipeline/Particles/Lit': fallback shader 'Universal Render Pipeline/Particles/SimpleLit' not found
Refreshing native plugins compatible for Editor in 0.92 ms, found 0 plugins.
Preloading 0 native plugins for Editor in 0.00 ms.
Unloading 3451 Unused Serialized files (Serialized files now loaded: 0)
System memory in use before: 184.8 MB.
System memory in use after: 183.4 MB.

Unloading 32 unused Assets to reduce memory usage. Loaded Objects now: 4593.
Total: 7.998700 ms (FindLiveObjects: 0.528500 ms CreateObjectMapping: 0.204200 ms MarkObjects: 5.662200 ms  DeleteObjects: 1.600800 ms)

========================================================================
Received Prepare
Registering precompiled user dll's ...
Registered in 0.005239 seconds.
Begin MonoManager ReloadAssembly
Native extension for WindowsStandalone target not found
Native extension for WebGL target not found
Refreshing native plugins compatible for Editor in 0.99 ms, found 0 plugins.
Preloading 0 native plugins for Editor in 0.00 ms.
Warning: Annotation not found!
UnityEngine.StackTraceUtility:ExtractStackTrace ()
UnityEditor.ProBuilder.EditorUtility:SetGizmoIconEnabled (System.Type,bool) (at C:/Users/letem/Documents/Cursos Unity/Cursos_Unity_2021/Shooter_/Library/PackageCache/com.unity.probuilder@5.0.3/Editor/EditorCore/EditorUtility.cs:575)
UnityEditor.ProBuilder.HierarchyListener:.cctor () (at C:/Users/letem/Documents/Cursos Unity/Cursos_Unity_2021/Shooter_/Library/PackageCache/com.unity.probuilder@5.0.3/Editor/EditorCore/HierarchyListener.cs:21)
System.Runtime.CompilerServices.RuntimeHelpers:RunClassConstructor (System.RuntimeTypeHandle)
UnityEditor.EditorAssemblies:ProcessInitializeOnLoadAttributes (System.Type[])

[C:/Users/letem/Documents/Cursos Unity/Cursos_Unity_2021/Shooter_/Library/PackageCache/com.unity.probuilder@5.0.3/Editor/EditorCore/EditorUtility.cs line 575]

Mono: successfully reloaded assembly
- Completed reload, in  1.866 seconds
Platform modules already initialized, skipping
Shader 'Universal Render Pipeline/Particles/Lit': fallback shader 'Universal Render Pipeline/Particles/SimpleLit' not found
Shader 'Universal Render Pipeline/Particles/Lit': fallback shader 'Universal Render Pipeline/Particles/SimpleLit' not found
Refreshing native plugins compatible for Editor in 0.89 ms, found 0 plugins.
Preloading 0 native plugins for Editor in 0.00 ms.
Unloading 3451 Unused Serialized files (Serialized files now loaded: 0)
System memory in use before: 184.8 MB.
System memory in use after: 183.4 MB.

Unloading 32 unused Assets to reduce memory usage. Loaded Objects now: 4596.
Total: 6.641100 ms (FindLiveObjects: 0.505100 ms CreateObjectMapping: 0.185700 ms MarkObjects: 4.357700 ms  DeleteObjects: 1.590600 ms)

========================================================================
Received Prepare
Registering precompiled user dll's ...
Registered in 0.005287 seconds.
Begin MonoManager ReloadAssembly
Native extension for WindowsStandalone target not found
Native extension for WebGL target not found
Refreshing native plugins compatible for Editor in 0.82 ms, found 0 plugins.
Preloading 0 native plugins for Editor in 0.00 ms.
Warning: Annotation not found!
UnityEngine.StackTraceUtility:ExtractStackTrace ()
UnityEditor.ProBuilder.EditorUtility:SetGizmoIconEnabled (System.Type,bool) (at C:/Users/letem/Documents/Cursos Unity/Cursos_Unity_2021/Shooter_/Library/PackageCache/com.unity.probuilder@5.0.3/Editor/EditorCore/EditorUtility.cs:575)
UnityEditor.ProBuilder.HierarchyListener:.cctor () (at C:/Users/letem/Documents/Cursos Unity/Cursos_Unity_2021/Shooter_/Library/PackageCache/com.unity.probuilder@5.0.3/Editor/EditorCore/HierarchyListener.cs:21)
System.Runtime.CompilerServices.RuntimeHelpers:RunClassConstructor (System.RuntimeTypeHandle)
UnityEditor.EditorAssemblies:ProcessInitializeOnLoadAttributes (System.Type[])

[C:/Users/letem/Documents/Cursos Unity/Cursos_Unity_2021/Shooter_/Library/PackageCache/com.unity.probuilder@5.0.3/Editor/EditorCore/EditorUtility.cs line 575]

Mono: successfully reloaded assembly
- Completed reload, in  1.827 seconds
Platform modules already initialized, skipping
Shader 'Universal Render Pipeline/Particles/Lit': fallback shader 'Universal Render Pipeline/Particles/SimpleLit' not found
Shader 'Universal Render Pipeline/Particles/Lit': fallback shader 'Universal Render Pipeline/Particles/SimpleLit' not found
Refreshing native plugins compatible for Editor in 0.89 ms, found 0 plugins.
Preloading 0 native plugins for Editor in 0.00 ms.
Unloading 3451 Unused Serialized files (Serialized files now loaded: 0)
System memory in use before: 184.9 MB.
System memory in use after: 183.4 MB.

Unloading 32 unused Assets to reduce memory usage. Loaded Objects now: 4599.
Total: 6.380100 ms (FindLiveObjects: 0.450700 ms CreateObjectMapping: 0.174700 ms MarkObjects: 4.235100 ms  DeleteObjects: 1.517500 ms)

AssetImportWorkerClient::OnTransportError - code=2 error=End of file
