Using pre-set license
Built from '2020.3/staging' branch; Version is '2020.3.5f1 (8095aa901b9b) revision 8426922'; Using compiler version '192528614'; Build Type 'Release'
OS: 'Windows 10 Pro; OS build 19043.1526; Version 2009; 64bit' Language: 'es' Physical Memory: 8169 MB
BatchMode: 1, IsHumanControllingUs: 0, StartBugReporterOnCrash: 0, Is64bit: 1, IsPro: 0

 COMMAND LINE ARGUMENTS:
C:\Program Files\Unity\Hub\Editor\2020.3.5f1\Editor\Unity.exe
-adb2
-batchMode
-noUpm
-name
AssetImportWorker0
-projectPath
C:/Users/letem/Documents/Cursos Unity/55/Shooter_
-logFile
Logs/AssetImportWorker0.log
-srvPort
63312
Successfully changed project path to: C:/Users/letem/Documents/Cursos Unity/55/Shooter_
C:/Users/letem/Documents/Cursos Unity/55/Shooter_
Using Asset Import Pipeline V2.
Refreshing native plugins compatible for Editor in 143.36 ms, found 0 plugins.
Preloading 0 native plugins for Editor in 0.00 ms.
Initialize engine version: 2020.3.5f1 (8095aa901b9b)
[Subsystems] Discovering subsystems at path C:/Program Files/Unity/Hub/Editor/2020.3.5f1/Editor/Data/Resources/UnitySubsystems
[Subsystems] Discovering subsystems at path C:/Users/letem/Documents/Cursos Unity/55/Shooter_/Assets
GfxDevice: creating device client; threaded=0
Direct3D:
    Version:  Direct3D 11.0 [level 11.1]
    Renderer: NVIDIA GeForce GTX 1050 Ti (ID=0x1c82)
    Vendor:   
    VRAM:     4018 MB
    Driver:   30.0.15.1165
Initialize mono
Mono path[0] = 'C:/Program Files/Unity/Hub/Editor/2020.3.5f1/Editor/Data/Managed'
Mono path[1] = 'C:/Program Files/Unity/Hub/Editor/2020.3.5f1/Editor/Data/MonoBleedingEdge/lib/mono/unityjit'
Mono config path = 'C:/Program Files/Unity/Hub/Editor/2020.3.5f1/Editor/Data/MonoBleedingEdge/etc'
Using monoOptions --debugger-agent=transport=dt_socket,embedding=1,server=y,suspend=n,address=127.0.0.1:56980
Begin MonoManager ReloadAssembly
Registering precompiled unity dll's ...
Register platform support module: C:/Program Files/Unity/Hub/Editor/2020.3.5f1/Editor/Data/PlaybackEngines/WebGLSupport/UnityEditor.WebGL.Extensions.dll
Register platform support module: C:/Program Files/Unity/Hub/Editor/2020.3.5f1/Editor/Data/PlaybackEngines/WindowsStandaloneSupport/UnityEditor.WindowsStandalone.Extensions.dll
Registered in 0.015111 seconds.
Native extension for WindowsStandalone target not found
Native extension for WebGL target not found
Refreshing native plugins compatible for Editor in 116.69 ms, found 0 plugins.
Preloading 0 native plugins for Editor in 0.00 ms.
Mono: successfully reloaded assembly
- Completed reload, in  7.316 seconds
Platform modules already initialized, skipping
Registering precompiled user dll's ...
Registered in 0.005361 seconds.
Begin MonoManager ReloadAssembly
Native extension for WindowsStandalone target not found
Native extension for WebGL target not found
Refreshing native plugins compatible for Editor in 284.62 ms, found 0 plugins.
Preloading 0 native plugins for Editor in 0.00 ms.
Mono: successfully reloaded assembly
- Completed reload, in  2.853 seconds
Platform modules already initialized, skipping
========================================================================
Worker process is ready to serve import requests
Shader 'Universal Render Pipeline/Particles/Lit': fallback shader 'Universal Render Pipeline/Particles/SimpleLit' not found
Shader 'Universal Render Pipeline/Particles/Lit': fallback shader 'Universal Render Pipeline/Particles/SimpleLit' not found
Launched and connected shader compiler UnityShaderCompiler.exe after 0.21 seconds
Refreshing native plugins compatible for Editor in 0.84 ms, found 0 plugins.
Preloading 0 native plugins for Editor in 0.00 ms.
Unloading 3587 Unused Serialized files (Serialized files now loaded: 0)
System memory in use before: 173.2 MB.
System memory in use after: 171.8 MB.

Unloading 151 unused Assets to reduce memory usage. Loaded Objects now: 4017.
Total: 4.896000 ms (FindLiveObjects: 0.366800 ms CreateObjectMapping: 0.163300 ms MarkObjects: 3.124900 ms  DeleteObjects: 1.239000 ms)

========================================================================
Received Import Request.
  path: Assets/_Scripts/Pause.cs
  artifactKey: Guid(3125b759e1ec3ca42a94d9fde57ab1f4) Importer(815301076,1909f56bfc062723c751e8b465ee728b)
Start importing Assets/_Scripts/Pause.cs using Guid(3125b759e1ec3ca42a94d9fde57ab1f4) Importer(815301076,1909f56bfc062723c751e8b465ee728b)  -> (artifact id: 'e6ec2e5beb60b149baecc938645ae682') in 1.692769 seconds
  Import took 1.758595 seconds .

========================================================================
Received Import Request.
  Time since last request: 2055.000331 seconds.
  path: Assets/Prefabs/Player Variant.prefab
  artifactKey: Guid(07017c42a1a21c3439f09d21cfaac1ac) Importer(815301076,1909f56bfc062723c751e8b465ee728b)
Start importing Assets/Prefabs/Player Variant.prefab using Guid(07017c42a1a21c3439f09d21cfaac1ac) Importer(815301076,1909f56bfc062723c751e8b465ee728b)  -> (artifact id: '2490950a3b566e2390ff056c1afbf2ea') in 2.612930 seconds
  Import took 2.794602 seconds .

========================================================================
Received Prepare
Registering precompiled user dll's ...
Registered in 0.005829 seconds.
Begin MonoManager ReloadAssembly
Native extension for WindowsStandalone target not found
Native extension for WebGL target not found
Refreshing native plugins compatible for Editor in 0.85 ms, found 0 plugins.
Preloading 0 native plugins for Editor in 0.00 ms.
Warning: Annotation not found!
UnityEngine.StackTraceUtility:ExtractStackTrace ()
UnityEditor.ProBuilder.EditorUtility:SetGizmoIconEnabled (System.Type,bool) (at C:/Users/letem/Documents/Cursos Unity/Cursos_Unity_2021/Shooter_/Library/PackageCache/com.unity.probuilder@5.0.3/Editor/EditorCore/EditorUtility.cs:575)
UnityEditor.ProBuilder.HierarchyListener:.cctor () (at C:/Users/letem/Documents/Cursos Unity/Cursos_Unity_2021/Shooter_/Library/PackageCache/com.unity.probuilder@5.0.3/Editor/EditorCore/HierarchyListener.cs:21)
System.Runtime.CompilerServices.RuntimeHelpers:RunClassConstructor (System.RuntimeTypeHandle)
UnityEditor.EditorAssemblies:ProcessInitializeOnLoadAttributes (System.Type[])

[C:/Users/letem/Documents/Cursos Unity/Cursos_Unity_2021/Shooter_/Library/PackageCache/com.unity.probuilder@5.0.3/Editor/EditorCore/EditorUtility.cs line 575]

Mono: successfully reloaded assembly
- Completed reload, in  2.342 seconds
Platform modules already initialized, skipping
Shader 'Universal Render Pipeline/Particles/Lit': fallback shader 'Universal Render Pipeline/Particles/SimpleLit' not found
Shader 'Universal Render Pipeline/Particles/Lit': fallback shader 'Universal Render Pipeline/Particles/SimpleLit' not found
Refreshing native plugins compatible for Editor in 1.10 ms, found 0 plugins.
Preloading 0 native plugins for Editor in 0.00 ms.
Unloading 3447 Unused Serialized files (Serialized files now loaded: 0)
System memory in use before: 182.0 MB.
System memory in use after: 180.6 MB.

Unloading 33 unused Assets to reduce memory usage. Loaded Objects now: 4066.
Total: 6.781200 ms (FindLiveObjects: 0.395400 ms CreateObjectMapping: 0.167700 ms MarkObjects: 4.937200 ms  DeleteObjects: 1.278500 ms)

========================================================================
Received Import Request.
  Time since last request: 213.280352 seconds.
  path: Assets/Prefabs/Enemy Variant.prefab
  artifactKey: Guid(3244dbf3fedea884491820e5346c8405) Importer(815301076,1909f56bfc062723c751e8b465ee728b)
Start importing Assets/Prefabs/Enemy Variant.prefab using Guid(3244dbf3fedea884491820e5346c8405) Importer(815301076,1909f56bfc062723c751e8b465ee728b)  -> (artifact id: '403cbe2c26aac362998906336317b0c8') in 0.486951 seconds
  Import took 0.511753 seconds .

========================================================================
Received Prepare
Registering precompiled user dll's ...
Registered in 0.009104 seconds.
Begin MonoManager ReloadAssembly
Native extension for WindowsStandalone target not found
Native extension for WebGL target not found
Refreshing native plugins compatible for Editor in 1.57 ms, found 0 plugins.
Preloading 0 native plugins for Editor in 0.00 ms.
Warning: Annotation not found!
UnityEngine.StackTraceUtility:ExtractStackTrace ()
UnityEditor.ProBuilder.EditorUtility:SetGizmoIconEnabled (System.Type,bool) (at C:/Users/letem/Documents/Cursos Unity/Cursos_Unity_2021/Shooter_/Library/PackageCache/com.unity.probuilder@5.0.3/Editor/EditorCore/EditorUtility.cs:575)
UnityEditor.ProBuilder.HierarchyListener:.cctor () (at C:/Users/letem/Documents/Cursos Unity/Cursos_Unity_2021/Shooter_/Library/PackageCache/com.unity.probuilder@5.0.3/Editor/EditorCore/HierarchyListener.cs:21)
System.Runtime.CompilerServices.RuntimeHelpers:RunClassConstructor (System.RuntimeTypeHandle)
UnityEditor.EditorAssemblies:ProcessInitializeOnLoadAttributes (System.Type[])

[C:/Users/letem/Documents/Cursos Unity/Cursos_Unity_2021/Shooter_/Library/PackageCache/com.unity.probuilder@5.0.3/Editor/EditorCore/EditorUtility.cs line 575]

Mono: successfully reloaded assembly
- Completed reload, in  2.816 seconds
Platform modules already initialized, skipping
Shader 'Universal Render Pipeline/Particles/Lit': fallback shader 'Universal Render Pipeline/Particles/SimpleLit' not found
Shader 'Universal Render Pipeline/Particles/Lit': fallback shader 'Universal Render Pipeline/Particles/SimpleLit' not found
Refreshing native plugins compatible for Editor in 1.28 ms, found 0 plugins.
Preloading 0 native plugins for Editor in 0.00 ms.
Unloading 3447 Unused Serialized files (Serialized files now loaded: 0)
System memory in use before: 182.0 MB.
System memory in use after: 180.6 MB.

Unloading 32 unused Assets to reduce memory usage. Loaded Objects now: 4105.
Total: 9.280900 ms (FindLiveObjects: 0.682000 ms CreateObjectMapping: 0.258700 ms MarkObjects: 6.401900 ms  DeleteObjects: 1.935600 ms)

========================================================================
Received Import Request.
  Time since last request: 98.804142 seconds.
  path: Assets/Prefabs/Enemy Variant.prefab
  artifactKey: Guid(3244dbf3fedea884491820e5346c8405) Importer(815301076,1909f56bfc062723c751e8b465ee728b)
Start importing Assets/Prefabs/Enemy Variant.prefab using Guid(3244dbf3fedea884491820e5346c8405) Importer(815301076,1909f56bfc062723c751e8b465ee728b)  -> (artifact id: '7bfa71f5a3c5389dc2201526ec4f24c5') in 0.413036 seconds
  Import took 0.439691 seconds .

========================================================================
Received Prepare
Registering precompiled user dll's ...
Registered in 0.022766 seconds.
Begin MonoManager ReloadAssembly
Native extension for WindowsStandalone target not found
Native extension for WebGL target not found
Refreshing native plugins compatible for Editor in 2.65 ms, found 0 plugins.
Preloading 0 native plugins for Editor in 0.00 ms.
Warning: Annotation not found!
UnityEngine.StackTraceUtility:ExtractStackTrace ()
UnityEditor.ProBuilder.EditorUtility:SetGizmoIconEnabled (System.Type,bool) (at C:/Users/letem/Documents/Cursos Unity/Cursos_Unity_2021/Shooter_/Library/PackageCache/com.unity.probuilder@5.0.3/Editor/EditorCore/EditorUtility.cs:575)
UnityEditor.ProBuilder.HierarchyListener:.cctor () (at C:/Users/letem/Documents/Cursos Unity/Cursos_Unity_2021/Shooter_/Library/PackageCache/com.unity.probuilder@5.0.3/Editor/EditorCore/HierarchyListener.cs:21)
System.Runtime.CompilerServices.RuntimeHelpers:RunClassConstructor (System.RuntimeTypeHandle)
UnityEditor.EditorAssemblies:ProcessInitializeOnLoadAttributes (System.Type[])

[C:/Users/letem/Documents/Cursos Unity/Cursos_Unity_2021/Shooter_/Library/PackageCache/com.unity.probuilder@5.0.3/Editor/EditorCore/EditorUtility.cs line 575]

Mono: successfully reloaded assembly
- Completed reload, in  4.099 seconds
Platform modules already initialized, skipping
Shader 'Universal Render Pipeline/Particles/Lit': fallback shader 'Universal Render Pipeline/Particles/SimpleLit' not found
Shader 'Universal Render Pipeline/Particles/Lit': fallback shader 'Universal Render Pipeline/Particles/SimpleLit' not found
Refreshing native plugins compatible for Editor in 1.23 ms, found 0 plugins.
Preloading 0 native plugins for Editor in 0.00 ms.
Unloading 3447 Unused Serialized files (Serialized files now loaded: 0)
System memory in use before: 182.2 MB.
System memory in use after: 180.8 MB.

Unloading 32 unused Assets to reduce memory usage. Loaded Objects now: 4144.
Total: 11.099900 ms (FindLiveObjects: 0.553400 ms CreateObjectMapping: 2.230600 ms MarkObjects: 5.942500 ms  DeleteObjects: 2.369800 ms)

========================================================================
Received Import Request.
  Time since last request: 185.982934 seconds.
  path: Assets/Prefabs/Enemy Variant.prefab
  artifactKey: Guid(3244dbf3fedea884491820e5346c8405) Importer(815301076,1909f56bfc062723c751e8b465ee728b)
Start importing Assets/Prefabs/Enemy Variant.prefab using Guid(3244dbf3fedea884491820e5346c8405) Importer(815301076,1909f56bfc062723c751e8b465ee728b)  -> (artifact id: '0eafc10c652c50343e29b2d7bd8876df') in 0.418233 seconds
  Import took 0.461470 seconds .

========================================================================
Received Import Request.
  Time since last request: 20.270408 seconds.
  path: Assets/Prefabs/Enemy Variant.prefab
  artifactKey: Guid(3244dbf3fedea884491820e5346c8405) Importer(815301076,1909f56bfc062723c751e8b465ee728b)
Start importing Assets/Prefabs/Enemy Variant.prefab using Guid(3244dbf3fedea884491820e5346c8405) Importer(815301076,1909f56bfc062723c751e8b465ee728b)  -> (artifact id: '40929c20ee98df26a5a2c17aa0ff5050') in 0.095496 seconds
  Import took 0.110733 seconds .

========================================================================
Received Import Request.
  Time since last request: 0.746495 seconds.
  path: Assets/Prefabs/Enemy Variant.prefab
  artifactKey: Guid(3244dbf3fedea884491820e5346c8405) Importer(815301076,1909f56bfc062723c751e8b465ee728b)
Start importing Assets/Prefabs/Enemy Variant.prefab using Guid(3244dbf3fedea884491820e5346c8405) Importer(815301076,1909f56bfc062723c751e8b465ee728b)  -> (artifact id: 'fdf1b4f966b9e521fc52473f888c4d81') in 0.099009 seconds
  Import took 0.120636 seconds .

========================================================================
Received Import Request.
  Time since last request: 9.898682 seconds.
  path: Assets/Prefabs/Enemy Variant.prefab
  artifactKey: Guid(3244dbf3fedea884491820e5346c8405) Importer(815301076,1909f56bfc062723c751e8b465ee728b)
Start importing Assets/Prefabs/Enemy Variant.prefab using Guid(3244dbf3fedea884491820e5346c8405) Importer(815301076,1909f56bfc062723c751e8b465ee728b)  -> (artifact id: '438cac60188a7de81ec95176016b5901') in 0.096221 seconds
  Import took 0.129232 seconds .

========================================================================
Received Import Request.
  Time since last request: 0.688488 seconds.
  path: Assets/Prefabs/Enemy Variant.prefab
  artifactKey: Guid(3244dbf3fedea884491820e5346c8405) Importer(815301076,1909f56bfc062723c751e8b465ee728b)
Start importing Assets/Prefabs/Enemy Variant.prefab using Guid(3244dbf3fedea884491820e5346c8405) Importer(815301076,1909f56bfc062723c751e8b465ee728b)  -> (artifact id: '6a81fd619282bbd0fddc5be7c9c84ab0') in 0.093188 seconds
  Import took 0.128650 seconds .

========================================================================
Received Prepare
Registering precompiled user dll's ...
Registered in 0.005874 seconds.
Begin MonoManager ReloadAssembly
Native extension for WindowsStandalone target not found
Native extension for WebGL target not found
Refreshing native plugins compatible for Editor in 0.84 ms, found 0 plugins.
Preloading 0 native plugins for Editor in 0.00 ms.
Warning: Annotation not found!
UnityEngine.StackTraceUtility:ExtractStackTrace ()
UnityEditor.ProBuilder.EditorUtility:SetGizmoIconEnabled (System.Type,bool) (at C:/Users/letem/Documents/Cursos Unity/Cursos_Unity_2021/Shooter_/Library/PackageCache/com.unity.probuilder@5.0.3/Editor/EditorCore/EditorUtility.cs:575)
UnityEditor.ProBuilder.HierarchyListener:.cctor () (at C:/Users/letem/Documents/Cursos Unity/Cursos_Unity_2021/Shooter_/Library/PackageCache/com.unity.probuilder@5.0.3/Editor/EditorCore/HierarchyListener.cs:21)
System.Runtime.CompilerServices.RuntimeHelpers:RunClassConstructor (System.RuntimeTypeHandle)
UnityEditor.EditorAssemblies:ProcessInitializeOnLoadAttributes (System.Type[])

[C:/Users/letem/Documents/Cursos Unity/Cursos_Unity_2021/Shooter_/Library/PackageCache/com.unity.probuilder@5.0.3/Editor/EditorCore/EditorUtility.cs line 575]

Mono: successfully reloaded assembly
- Completed reload, in  2.113 seconds
Platform modules already initialized, skipping
Shader 'Universal Render Pipeline/Particles/Lit': fallback shader 'Universal Render Pipeline/Particles/SimpleLit' not found
Shader 'Universal Render Pipeline/Particles/Lit': fallback shader 'Universal Render Pipeline/Particles/SimpleLit' not found
Refreshing native plugins compatible for Editor in 1.00 ms, found 0 plugins.
Preloading 0 native plugins for Editor in 0.00 ms.
Unloading 3447 Unused Serialized files (Serialized files now loaded: 0)
System memory in use before: 182.5 MB.
System memory in use after: 181.0 MB.

Unloading 32 unused Assets to reduce memory usage. Loaded Objects now: 4183.
Total: 5.758600 ms (FindLiveObjects: 0.399200 ms CreateObjectMapping: 0.179500 ms MarkObjects: 3.945300 ms  DeleteObjects: 1.232300 ms)

========================================================================
Received Import Request.
  Time since last request: 145.835514 seconds.
  path: Assets/Prefabs/Enemy Variant.prefab
  artifactKey: Guid(3244dbf3fedea884491820e5346c8405) Importer(815301076,1909f56bfc062723c751e8b465ee728b)
Start importing Assets/Prefabs/Enemy Variant.prefab using Guid(3244dbf3fedea884491820e5346c8405) Importer(815301076,1909f56bfc062723c751e8b465ee728b)  -> (artifact id: '9793d40c29f8b8aeba4949c172fc79ac') in 0.382723 seconds
  Import took 0.421814 seconds .

========================================================================
Received Import Request.
  Time since last request: 14.732083 seconds.
  path: Assets/Prefabs/Enemy Variant.prefab
  artifactKey: Guid(3244dbf3fedea884491820e5346c8405) Importer(815301076,1909f56bfc062723c751e8b465ee728b)
Start importing Assets/Prefabs/Enemy Variant.prefab using Guid(3244dbf3fedea884491820e5346c8405) Importer(815301076,1909f56bfc062723c751e8b465ee728b)  -> (artifact id: '1846a9c5a608b61e625889268ca822ed') in 0.103121 seconds
  Import took 0.124378 seconds .

========================================================================
Received Prepare
Registering precompiled user dll's ...
Registered in 0.008352 seconds.
Begin MonoManager ReloadAssembly
Native extension for WindowsStandalone target not found
Native extension for WebGL target not found
Refreshing native plugins compatible for Editor in 1.05 ms, found 0 plugins.
Preloading 0 native plugins for Editor in 0.00 ms.
Warning: Annotation not found!
UnityEngine.StackTraceUtility:ExtractStackTrace ()
UnityEditor.ProBuilder.EditorUtility:SetGizmoIconEnabled (System.Type,bool) (at C:/Users/letem/Documents/Cursos Unity/Cursos_Unity_2021/Shooter_/Library/PackageCache/com.unity.probuilder@5.0.3/Editor/EditorCore/EditorUtility.cs:575)
UnityEditor.ProBuilder.HierarchyListener:.cctor () (at C:/Users/letem/Documents/Cursos Unity/Cursos_Unity_2021/Shooter_/Library/PackageCache/com.unity.probuilder@5.0.3/Editor/EditorCore/HierarchyListener.cs:21)
System.Runtime.CompilerServices.RuntimeHelpers:RunClassConstructor (System.RuntimeTypeHandle)
UnityEditor.EditorAssemblies:ProcessInitializeOnLoadAttributes (System.Type[])

[C:/Users/letem/Documents/Cursos Unity/Cursos_Unity_2021/Shooter_/Library/PackageCache/com.unity.probuilder@5.0.3/Editor/EditorCore/EditorUtility.cs line 575]

Mono: successfully reloaded assembly
- Completed reload, in  3.204 seconds
Platform modules already initialized, skipping
Shader 'Universal Render Pipeline/Particles/Lit': fallback shader 'Universal Render Pipeline/Particles/SimpleLit' not found
Shader 'Universal Render Pipeline/Particles/Lit': fallback shader 'Universal Render Pipeline/Particles/SimpleLit' not found
Refreshing native plugins compatible for Editor in 1.23 ms, found 0 plugins.
Preloading 0 native plugins for Editor in 0.00 ms.
Unloading 3447 Unused Serialized files (Serialized files now loaded: 0)
System memory in use before: 182.6 MB.
System memory in use after: 181.1 MB.

Unloading 32 unused Assets to reduce memory usage. Loaded Objects now: 4222.
Total: 9.706000 ms (FindLiveObjects: 0.423900 ms CreateObjectMapping: 0.170300 ms MarkObjects: 7.267500 ms  DeleteObjects: 1.841000 ms)

========================================================================
Received Import Request.
  Time since last request: 977.493256 seconds.
  path: Assets/Prefabs/Enemy Variant.prefab
  artifactKey: Guid(3244dbf3fedea884491820e5346c8405) Importer(815301076,1909f56bfc062723c751e8b465ee728b)
Start importing Assets/Prefabs/Enemy Variant.prefab using Guid(3244dbf3fedea884491820e5346c8405) Importer(815301076,1909f56bfc062723c751e8b465ee728b)  -> (artifact id: '990fa6190f5f55b4e86e4837748756c5') in 1.191789 seconds
  Import took 1.232662 seconds .

========================================================================
Received Import Request.
  Time since last request: 1.998808 seconds.
  path: Assets/Prefabs/Enemy Variant.prefab
  artifactKey: Guid(3244dbf3fedea884491820e5346c8405) Importer(815301076,1909f56bfc062723c751e8b465ee728b)
Start importing Assets/Prefabs/Enemy Variant.prefab using Guid(3244dbf3fedea884491820e5346c8405) Importer(815301076,1909f56bfc062723c751e8b465ee728b)  -> (artifact id: '334bb0a69411732f6b671d49f9fca0b3') in 0.103309 seconds
  Import took 0.125609 seconds .

========================================================================
Received Import Request.
  Time since last request: 10.828094 seconds.
  path: Assets/Prefabs/Enemy Variant.prefab
  artifactKey: Guid(3244dbf3fedea884491820e5346c8405) Importer(815301076,1909f56bfc062723c751e8b465ee728b)
Start importing Assets/Prefabs/Enemy Variant.prefab using Guid(3244dbf3fedea884491820e5346c8405) Importer(815301076,1909f56bfc062723c751e8b465ee728b)  -> (artifact id: 'd6d6b17d9a4d57cb1dae385f288ea01f') in 0.092269 seconds
  Import took 0.119443 seconds .

========================================================================
Received Import Request.
  Time since last request: 1.519044 seconds.
  path: Assets/Prefabs/Enemy Variant.prefab
  artifactKey: Guid(3244dbf3fedea884491820e5346c8405) Importer(815301076,1909f56bfc062723c751e8b465ee728b)
Start importing Assets/Prefabs/Enemy Variant.prefab using Guid(3244dbf3fedea884491820e5346c8405) Importer(815301076,1909f56bfc062723c751e8b465ee728b)  -> (artifact id: '1a2d5cc68b2d428269ecbe3e22a7cb59') in 0.104465 seconds
  Import took 0.144171 seconds .

========================================================================
Received Import Request.
  Time since last request: 23.502212 seconds.
  path: Assets/Prefabs/Enemy Variant.prefab
  artifactKey: Guid(3244dbf3fedea884491820e5346c8405) Importer(815301076,1909f56bfc062723c751e8b465ee728b)
Start importing Assets/Prefabs/Enemy Variant.prefab using Guid(3244dbf3fedea884491820e5346c8405) Importer(815301076,1909f56bfc062723c751e8b465ee728b)  -> (artifact id: '89ecaf1914826c5fa6ec1c3ba4615b68') in 0.095869 seconds
  Import took 0.147760 seconds .

========================================================================
Received Import Request.
  Time since last request: 11.196134 seconds.
  path: Assets/Prefabs/Enemy Variant.prefab
  artifactKey: Guid(3244dbf3fedea884491820e5346c8405) Importer(815301076,1909f56bfc062723c751e8b465ee728b)
Start importing Assets/Prefabs/Enemy Variant.prefab using Guid(3244dbf3fedea884491820e5346c8405) Importer(815301076,1909f56bfc062723c751e8b465ee728b)  -> (artifact id: 'f91ba01f21258da782db95023f7356dc') in 0.101029 seconds
  Import took 0.115981 seconds .

========================================================================
Received Import Request.
  Time since last request: 2.331886 seconds.
  path: Assets/Prefabs/Enemy Variant.prefab
  artifactKey: Guid(3244dbf3fedea884491820e5346c8405) Importer(815301076,1909f56bfc062723c751e8b465ee728b)
Start importing Assets/Prefabs/Enemy Variant.prefab using Guid(3244dbf3fedea884491820e5346c8405) Importer(815301076,1909f56bfc062723c751e8b465ee728b)  -> (artifact id: '4252707854f00bf8cd1352a1f371ba29') in 0.094143 seconds
  Import took 0.136146 seconds .

========================================================================
Received Import Request.
  Time since last request: 10.266422 seconds.
  path: Assets/Prefabs/Enemy Variant.prefab
  artifactKey: Guid(3244dbf3fedea884491820e5346c8405) Importer(815301076,1909f56bfc062723c751e8b465ee728b)
Start importing Assets/Prefabs/Enemy Variant.prefab using Guid(3244dbf3fedea884491820e5346c8405) Importer(815301076,1909f56bfc062723c751e8b465ee728b)  -> (artifact id: '87493fbea780f334f570658620006c80') in 0.093843 seconds
  Import took 0.121212 seconds .

========================================================================
Received Import Request.
  Time since last request: 2.762509 seconds.
  path: Assets/Prefabs/Enemy Variant.prefab
  artifactKey: Guid(3244dbf3fedea884491820e5346c8405) Importer(815301076,1909f56bfc062723c751e8b465ee728b)
Start importing Assets/Prefabs/Enemy Variant.prefab using Guid(3244dbf3fedea884491820e5346c8405) Importer(815301076,1909f56bfc062723c751e8b465ee728b)  -> (artifact id: '0c2d7eb8667c4ab14faba5f11472c81e') in 0.096928 seconds
  Import took 0.124285 seconds .

========================================================================
Received Import Request.
  Time since last request: 9.612207 seconds.
  path: Assets/Prefabs/Enemy Variant.prefab
  artifactKey: Guid(3244dbf3fedea884491820e5346c8405) Importer(815301076,1909f56bfc062723c751e8b465ee728b)
Start importing Assets/Prefabs/Enemy Variant.prefab using Guid(3244dbf3fedea884491820e5346c8405) Importer(815301076,1909f56bfc062723c751e8b465ee728b)  -> (artifact id: '8bad88d6a243dc1a34286dc6d184ff49') in 0.098707 seconds
  Import took 0.124514 seconds .

========================================================================
Received Import Request.
  Time since last request: 7.221339 seconds.
  path: Assets/Prefabs/Enemy Variant.prefab
  artifactKey: Guid(3244dbf3fedea884491820e5346c8405) Importer(815301076,1909f56bfc062723c751e8b465ee728b)
Start importing Assets/Prefabs/Enemy Variant.prefab using Guid(3244dbf3fedea884491820e5346c8405) Importer(815301076,1909f56bfc062723c751e8b465ee728b)  -> (artifact id: '78a2da591392b6ce9232b18578d7a243') in 0.096940 seconds
  Import took 0.136178 seconds .

========================================================================
Received Import Request.
  Time since last request: 8.617032 seconds.
  path: Assets/Prefabs/Enemy Variant.prefab
  artifactKey: Guid(3244dbf3fedea884491820e5346c8405) Importer(815301076,1909f56bfc062723c751e8b465ee728b)
Start importing Assets/Prefabs/Enemy Variant.prefab using Guid(3244dbf3fedea884491820e5346c8405) Importer(815301076,1909f56bfc062723c751e8b465ee728b)  -> (artifact id: 'ad3cda917711c8f7f18a34917bd1a5b6') in 0.101990 seconds
  Import took 0.121987 seconds .

========================================================================
Received Import Request.
  Time since last request: 14.785069 seconds.
  path: Assets/Prefabs/Enemy Variant.prefab
  artifactKey: Guid(3244dbf3fedea884491820e5346c8405) Importer(815301076,1909f56bfc062723c751e8b465ee728b)
Start importing Assets/Prefabs/Enemy Variant.prefab using Guid(3244dbf3fedea884491820e5346c8405) Importer(815301076,1909f56bfc062723c751e8b465ee728b)  -> (artifact id: '65ecd02033bf94041d46c5d8e8c36d95') in 0.103049 seconds
  Import took 0.135525 seconds .

========================================================================
Received Import Request.
  Time since last request: 14.511632 seconds.
  path: Assets/Prefabs/Enemy Variant.prefab
  artifactKey: Guid(3244dbf3fedea884491820e5346c8405) Importer(815301076,1909f56bfc062723c751e8b465ee728b)
Start importing Assets/Prefabs/Enemy Variant.prefab using Guid(3244dbf3fedea884491820e5346c8405) Importer(815301076,1909f56bfc062723c751e8b465ee728b)  -> (artifact id: '97bda853879c5dbf6523cde198733ddd') in 0.116380 seconds
  Import took 0.142781 seconds .

========================================================================
Received Import Request.
  Time since last request: 1.695512 seconds.
  path: Assets/Prefabs/Enemy Variant.prefab
  artifactKey: Guid(3244dbf3fedea884491820e5346c8405) Importer(815301076,1909f56bfc062723c751e8b465ee728b)
Start importing Assets/Prefabs/Enemy Variant.prefab using Guid(3244dbf3fedea884491820e5346c8405) Importer(815301076,1909f56bfc062723c751e8b465ee728b)  -> (artifact id: '0607731244f11777a122e76de464a54b') in 0.116220 seconds
  Import took 0.147424 seconds .

========================================================================
Received Import Request.
  Time since last request: 21.942931 seconds.
  path: Assets/Prefabs/Enemy Variant.prefab
  artifactKey: Guid(3244dbf3fedea884491820e5346c8405) Importer(815301076,1909f56bfc062723c751e8b465ee728b)
Start importing Assets/Prefabs/Enemy Variant.prefab using Guid(3244dbf3fedea884491820e5346c8405) Importer(815301076,1909f56bfc062723c751e8b465ee728b)  -> (artifact id: '78a346a79b2af185ea237b60e3cc1621') in 0.100557 seconds
  Import took 0.114101 seconds .

========================================================================
Received Import Request.
  Time since last request: 11.442866 seconds.
  path: Assets/Prefabs/Enemy Variant.prefab
  artifactKey: Guid(3244dbf3fedea884491820e5346c8405) Importer(815301076,1909f56bfc062723c751e8b465ee728b)
Start importing Assets/Prefabs/Enemy Variant.prefab using Guid(3244dbf3fedea884491820e5346c8405) Importer(815301076,1909f56bfc062723c751e8b465ee728b)  -> (artifact id: '0521b00627ff1c39f51064f3af2c9fc0') in 0.097767 seconds
  Import took 0.127734 seconds .

========================================================================
Received Import Request.
  Time since last request: 6.086681 seconds.
  path: Assets/Prefabs/Enemy Variant.prefab
  artifactKey: Guid(3244dbf3fedea884491820e5346c8405) Importer(815301076,1909f56bfc062723c751e8b465ee728b)
Start importing Assets/Prefabs/Enemy Variant.prefab using Guid(3244dbf3fedea884491820e5346c8405) Importer(815301076,1909f56bfc062723c751e8b465ee728b)  -> (artifact id: 'f56a93269d900ab73d9bcb6a2d580eaf') in 0.114643 seconds
  Import took 0.163749 seconds .

========================================================================
Received Import Request.
  Time since last request: 5.051739 seconds.
  path: Assets/Prefabs/Enemy Variant.prefab
  artifactKey: Guid(3244dbf3fedea884491820e5346c8405) Importer(815301076,1909f56bfc062723c751e8b465ee728b)
Start importing Assets/Prefabs/Enemy Variant.prefab using Guid(3244dbf3fedea884491820e5346c8405) Importer(815301076,1909f56bfc062723c751e8b465ee728b)  -> (artifact id: '0d7d6b39365cf3266761dd1d93da2009') in 0.100111 seconds
  Import took 0.137043 seconds .

========================================================================
Received Import Request.
  Time since last request: 5.640177 seconds.
  path: Assets/Prefabs/Enemy Variant.prefab
  artifactKey: Guid(3244dbf3fedea884491820e5346c8405) Importer(815301076,1909f56bfc062723c751e8b465ee728b)
Start importing Assets/Prefabs/Enemy Variant.prefab using Guid(3244dbf3fedea884491820e5346c8405) Importer(815301076,1909f56bfc062723c751e8b465ee728b)  -> (artifact id: '871731429b2b119851b7755aaf76751a') in 0.096264 seconds
  Import took 0.111454 seconds .

========================================================================
Received Import Request.
  Time since last request: 2.320246 seconds.
  path: Assets/Prefabs/Enemy Variant.prefab
  artifactKey: Guid(3244dbf3fedea884491820e5346c8405) Importer(815301076,1909f56bfc062723c751e8b465ee728b)
Start importing Assets/Prefabs/Enemy Variant.prefab using Guid(3244dbf3fedea884491820e5346c8405) Importer(815301076,1909f56bfc062723c751e8b465ee728b)  -> (artifact id: '0ebff42c75c29a38bb4d1319a7b7b760') in 0.096822 seconds
  Import took 0.134193 seconds .

========================================================================
Received Import Request.
  Time since last request: 12.352329 seconds.
  path: Assets/Prefabs/Enemy Variant.prefab
  artifactKey: Guid(3244dbf3fedea884491820e5346c8405) Importer(815301076,1909f56bfc062723c751e8b465ee728b)
Start importing Assets/Prefabs/Enemy Variant.prefab using Guid(3244dbf3fedea884491820e5346c8405) Importer(815301076,1909f56bfc062723c751e8b465ee728b)  -> (artifact id: '5c08fc9d918b9d12d5cef78750f97f97') in 0.095043 seconds
  Import took 0.127646 seconds .

========================================================================
Received Import Request.
  Time since last request: 1.309047 seconds.
  path: Assets/Prefabs/Enemy Variant.prefab
  artifactKey: Guid(3244dbf3fedea884491820e5346c8405) Importer(815301076,1909f56bfc062723c751e8b465ee728b)
Start importing Assets/Prefabs/Enemy Variant.prefab using Guid(3244dbf3fedea884491820e5346c8405) Importer(815301076,1909f56bfc062723c751e8b465ee728b)  -> (artifact id: 'd7419c5e9f0533e45fc61ff7173c17e6') in 0.098417 seconds
  Import took 0.131037 seconds .

AssetImportWorkerClient::OnTransportError - code=2 error=End of file
